<?xml version="1.0" encoding="UTF-8" standalone="yes"?><!DOCTYPE report PUBLIC "-//JACOCO//DTD Report 1.1//EN" "report.dtd"><report name="model"><sessioninfo id="ac2b6d2b692a-9d5eedff" start="1739024680761" dump="1739024687415"/><sessioninfo id="ac2b6d2b692a-9ff2d2f6" start="1739024688253" dump="1739024939956"/><package name="com/jsql/model/injection/strategy/blind/patch"><class name="com/jsql/model/injection/strategy/blind/patch/DiffMatchPatch$LinesToCharsResult" sourcefilename="DiffMatchPatch.java"><method name="&lt;init&gt;" desc="(Ljava/lang/String;Ljava/lang/String;Ljava/util/List;)V" line="109"><counter type="INSTRUCTION" missed="0" covered="12"/><counter type="LINE" missed="0" covered="5"/><counter type="COMPLEXITY" missed="0" covered="1"/><counter type="METHOD" missed="0" covered="1"/></method><counter type="INSTRUCTION" missed="0" covered="12"/><counter type="LINE" missed="0" covered="5"/><counter type="COMPLEXITY" missed="0" covered="1"/><counter type="METHOD" missed="0" covered="1"/><counter type="CLASS" missed="0" covered="1"/></class><class name="com/jsql/model/injection/strategy/blind/patch/Patch" sourcefilename="Patch.java"><method name="&lt;init&gt;" desc="()V" line="21"><counter type="INSTRUCTION" missed="8" covered="0"/><counter type="LINE" missed="3" covered="0"/><counter type="COMPLEXITY" missed="1" covered="0"/><counter type="METHOD" missed="1" covered="0"/></method><method name="toString" desc="()Ljava/lang/String;" line="37"><counter type="INSTRUCTION" missed="118" covered="0"/><counter type="BRANCH" missed="14" covered="0"/><counter type="LINE" missed="24" covered="0"/><counter type="COMPLEXITY" missed="9" covered="0"/><counter type="METHOD" missed="1" covered="0"/></method><method name="unescapeForEncodeUriCompatability" desc="(Ljava/lang/String;)Ljava/lang/String;" line="91"><counter type="INSTRUCTION" missed="50" covered="0"/><counter type="LINE" missed="6" covered="0"/><counter type="COMPLEXITY" missed="1" covered="0"/><counter type="METHOD" missed="1" covered="0"/></method><method name="getDiffs" desc="()Ljava/util/LinkedList;" line="102"><counter type="INSTRUCTION" missed="3" covered="0"/><counter type="LINE" missed="1" covered="0"/><counter type="COMPLEXITY" missed="1" covered="0"/><counter type="METHOD" missed="1" covered="0"/></method><method name="getStart1" desc="()I" line="106"><counter type="INSTRUCTION" missed="3" covered="0"/><counter type="LINE" missed="1" covered="0"/><counter type="COMPLEXITY" missed="1" covered="0"/><counter type="METHOD" missed="1" covered="0"/></method><method name="setStart1" desc="(I)V" line="110"><counter type="INSTRUCTION" missed="4" covered="0"/><counter type="LINE" missed="2" covered="0"/><counter type="COMPLEXITY" missed="1" covered="0"/><counter type="METHOD" missed="1" covered="0"/></method><method name="getStart2" desc="()I" line="114"><counter type="INSTRUCTION" missed="3" covered="0"/><counter type="LINE" missed="1" covered="0"/><counter type="COMPLEXITY" missed="1" covered="0"/><counter type="METHOD" missed="1" covered="0"/></method><method name="setStart2" desc="(I)V" line="118"><counter type="INSTRUCTION" missed="4" covered="0"/><counter type="LINE" missed="2" covered="0"/><counter type="COMPLEXITY" missed="1" covered="0"/><counter type="METHOD" missed="1" covered="0"/></method><method name="getLength1" desc="()I" line="122"><counter type="INSTRUCTION" missed="3" covered="0"/><counter type="LINE" missed="1" covered="0"/><counter type="COMPLEXITY" missed="1" covered="0"/><counter type="METHOD" missed="1" covered="0"/></method><method name="setLength1" desc="(I)V" line="126"><counter type="INSTRUCTION" missed="4" covered="0"/><counter type="LINE" missed="2" covered="0"/><counter type="COMPLEXITY" missed="1" covered="0"/><counter type="METHOD" missed="1" covered="0"/></method><method name="getLength2" desc="()I" line="130"><counter type="INSTRUCTION" missed="3" covered="0"/><counter type="LINE" missed="1" covered="0"/><counter type="COMPLEXITY" missed="1" covered="0"/><counter type="METHOD" missed="1" covered="0"/></method><method name="setLength2" desc="(I)I" line="134"><counter type="INSTRUCTION" missed="5" covered="0"/><counter type="LINE" missed="2" covered="0"/><counter type="COMPLEXITY" missed="1" covered="0"/><counter type="METHOD" missed="1" covered="0"/></method><counter type="INSTRUCTION" missed="208" covered="0"/><counter type="BRANCH" missed="14" covered="0"/><counter type="LINE" missed="46" covered="0"/><counter type="COMPLEXITY" missed="20" covered="0"/><counter type="METHOD" missed="12" covered="0"/><counter type="CLASS" missed="1" covered="0"/></class><class name="com/jsql/model/injection/strategy/blind/patch/DiffMatchPatch" sourcefilename="DiffMatchPatch.java"><method name="&lt;init&gt;" desc="()V" line="45"><counter type="INSTRUCTION" missed="0" covered="3"/><counter type="LINE" missed="0" covered="1"/><counter type="COMPLEXITY" missed="0" covered="1"/><counter type="METHOD" missed="0" covered="1"/></method><method name="diffMain" desc="(Ljava/lang/String;Ljava/lang/String;)Ljava/util/List;" line="138"><counter type="INSTRUCTION" missed="6" covered="0"/><counter type="LINE" missed="1" covered="0"/><counter type="COMPLEXITY" missed="1" covered="0"/><counter type="METHOD" missed="1" covered="0"/></method><method name="diffMain" desc="(Ljava/lang/String;Ljava/lang/String;Z)Ljava/util/LinkedList;" line="153"><counter type="INSTRUCTION" missed="0" covered="11"/><counter type="LINE" missed="0" covered="2"/><counter type="COMPLEXITY" missed="0" covered="1"/><counter type="METHOD" missed="0" covered="1"/></method><method name="diffMain" desc="(Ljava/lang/String;Ljava/lang/String;ZJ)Ljava/util/LinkedList;" line="171"><counter type="INSTRUCTION" missed="5" covered="107"/><counter type="BRANCH" missed="2" covered="10"/><counter type="LINE" missed="1" covered="23"/><counter type="COMPLEXITY" missed="2" covered="5"/><counter type="METHOD" missed="0" covered="1"/></method><method name="diffCompute" desc="(Ljava/lang/String;Ljava/lang/String;ZJ)Ljava/util/LinkedList;" line="229"><counter type="INSTRUCTION" missed="0" covered="199"/><counter type="BRANCH" missed="0" covered="22"/><counter type="LINE" missed="0" covered="37"/><counter type="COMPLEXITY" missed="0" covered="12"/><counter type="METHOD" missed="0" covered="1"/></method><method name="diffLineMode" desc="(Ljava/lang/String;Ljava/lang/String;J)Ljava/util/LinkedList;" line="305"><counter type="INSTRUCTION" missed="0" covered="144"/><counter type="BRANCH" missed="2" covered="14"/><counter type="LINE" missed="0" covered="37"/><counter type="COMPLEXITY" missed="2" covered="8"/><counter type="METHOD" missed="0" covered="1"/></method><method name="diffBisect" desc="(Ljava/lang/String;Ljava/lang/String;J)Ljava/util/LinkedList;" line="375"><counter type="INSTRUCTION" missed="1" covered="356"/><counter type="BRANCH" missed="1" covered="63"/><counter type="LINE" missed="1" covered="68"/><counter type="COMPLEXITY" missed="1" covered="32"/><counter type="METHOD" missed="0" covered="1"/></method><method name="diffBisectSplit" desc="(Ljava/lang/String;Ljava/lang/String;IIJ)Ljava/util/LinkedList;" line="497"><counter type="INSTRUCTION" missed="0" covered="38"/><counter type="LINE" missed="0" covered="8"/><counter type="COMPLEXITY" missed="0" covered="1"/><counter type="METHOD" missed="0" covered="1"/></method><method name="diffLinesToChars" desc="(Ljava/lang/String;Ljava/lang/String;)Lcom/jsql/model/injection/strategy/blind/patch/DiffMatchPatch$LinesToCharsResult;" line="521"><counter type="INSTRUCTION" missed="0" covered="31"/><counter type="LINE" missed="0" covered="6"/><counter type="COMPLEXITY" missed="0" covered="1"/><counter type="METHOD" missed="0" covered="1"/></method><method name="diffLinesToCharsMunge" desc="(Ljava/lang/String;Ljava/util/List;Ljava/util/Map;)Ljava/lang/String;" line="546"><counter type="INSTRUCTION" missed="0" covered="77"/><counter type="BRANCH" missed="0" covered="6"/><counter type="LINE" missed="0" covered="15"/><counter type="COMPLEXITY" missed="0" covered="4"/><counter type="METHOD" missed="0" covered="1"/></method><method name="diffCharsToLines" desc="(Ljava/util/List;Ljava/util/List;)V" line="581"><counter type="INSTRUCTION" missed="0" covered="39"/><counter type="BRANCH" missed="0" covered="4"/><counter type="LINE" missed="0" covered="7"/><counter type="COMPLEXITY" missed="0" covered="3"/><counter type="METHOD" missed="0" covered="1"/></method><method name="diffCommonPrefix" desc="(Ljava/lang/String;Ljava/lang/String;)I" line="599"><counter type="INSTRUCTION" missed="0" covered="24"/><counter type="BRANCH" missed="0" covered="4"/><counter type="LINE" missed="0" covered="5"/><counter type="COMPLEXITY" missed="0" covered="3"/><counter type="METHOD" missed="0" covered="1"/></method><method name="diffCommonSuffix" desc="(Ljava/lang/String;Ljava/lang/String;)I" line="617"><counter type="INSTRUCTION" missed="0" covered="34"/><counter type="BRANCH" missed="0" covered="4"/><counter type="LINE" missed="0" covered="7"/><counter type="COMPLEXITY" missed="0" covered="3"/><counter type="METHOD" missed="0" covered="1"/></method><method name="diffCommonOverlap" desc="(Ljava/lang/String;Ljava/lang/String;)I" line="637"><counter type="INSTRUCTION" missed="7" covered="77"/><counter type="BRANCH" missed="6" covered="10"/><counter type="LINE" missed="4" covered="21"/><counter type="COMPLEXITY" missed="6" covered="3"/><counter type="METHOD" missed="0" covered="1"/></method><method name="diffHalfMatch" desc="(Ljava/lang/String;Ljava/lang/String;)[Ljava/lang/String;" line="691"><counter type="INSTRUCTION" missed="2" covered="120"/><counter type="BRANCH" missed="1" covered="19"/><counter type="LINE" missed="0" covered="16"/><counter type="COMPLEXITY" missed="1" covered="10"/><counter type="METHOD" missed="0" covered="1"/></method><method name="diffHalfMatchI" desc="(Ljava/lang/String;Ljava/lang/String;I)[Ljava/lang/String;" line="734"><counter type="INSTRUCTION" missed="0" covered="131"/><counter type="BRANCH" missed="0" covered="6"/><counter type="LINE" missed="0" covered="23"/><counter type="COMPLEXITY" missed="0" covered="4"/><counter type="METHOD" missed="0" covered="1"/></method><method name="diffCleanupSemantic" desc="(Ljava/util/LinkedList;)V" line="769"><counter type="INSTRUCTION" missed="185" covered="148"/><counter type="BRANCH" missed="31" covered="21"/><counter type="LINE" missed="43" covered="40"/><counter type="COMPLEXITY" missed="22" covered="5"/><counter type="METHOD" missed="0" covered="1"/></method><method name="diffCleanupSemanticLossless" desc="(Ljava/util/List;)V" line="920"><counter type="INSTRUCTION" missed="221" covered="35"/><counter type="BRANCH" missed="26" covered="4"/><counter type="LINE" missed="53" covered="8"/><counter type="COMPLEXITY" missed="15" covered="1"/><counter type="METHOD" missed="0" covered="1"/></method><method name="diffCleanupSemanticScore" desc="(Ljava/lang/String;Ljava/lang/String;)I" line="1020"><counter type="INSTRUCTION" missed="127" covered="0"/><counter type="BRANCH" missed="54" covered="0"/><counter type="LINE" missed="25" covered="0"/><counter type="COMPLEXITY" missed="28" covered="0"/><counter type="METHOD" missed="1" covered="0"/></method><method name="diffCleanupEfficiency" desc="(Ljava/util/LinkedList;)V" line="1068"><counter type="INSTRUCTION" missed="0" covered="204"/><counter type="BRANCH" missed="0" covered="52"/><counter type="LINE" missed="0" covered="53"/><counter type="COMPLEXITY" missed="0" covered="27"/><counter type="METHOD" missed="0" covered="1"/></method><method name="diffCleanupMerge" desc="(Ljava/util/LinkedList;)V" line="1186"><counter type="INSTRUCTION" missed="107" covered="339"/><counter type="BRANCH" missed="9" covered="51"/><counter type="LINE" missed="21" covered="84"/><counter type="COMPLEXITY" missed="8" covered="24"/><counter type="METHOD" missed="0" covered="1"/></method><method name="diffXIndex" desc="(Ljava/util/List;I)I" line="1347"><counter type="INSTRUCTION" missed="65" covered="0"/><counter type="BRANCH" missed="12" covered="0"/><counter type="LINE" missed="19" covered="0"/><counter type="COMPLEXITY" missed="7" covered="0"/><counter type="METHOD" missed="1" covered="0"/></method><method name="diffPrettyHtml" desc="(Ljava/util/List;)Ljava/lang/String;" line="1384"><counter type="INSTRUCTION" missed="63" covered="0"/><counter type="BRANCH" missed="6" covered="0"/><counter type="LINE" missed="14" covered="0"/><counter type="COMPLEXITY" missed="5" covered="0"/><counter type="METHOD" missed="1" covered="0"/></method><method name="diffText1" desc="(Ljava/util/List;)Ljava/lang/String;" line="1412"><counter type="INSTRUCTION" missed="27" covered="0"/><counter type="BRANCH" missed="4" covered="0"/><counter type="LINE" missed="6" covered="0"/><counter type="COMPLEXITY" missed="3" covered="0"/><counter type="METHOD" missed="1" covered="0"/></method><method name="diffText2" desc="(Ljava/util/List;)Ljava/lang/String;" line="1428"><counter type="INSTRUCTION" missed="27" covered="0"/><counter type="BRANCH" missed="4" covered="0"/><counter type="LINE" missed="6" covered="0"/><counter type="COMPLEXITY" missed="3" covered="0"/><counter type="METHOD" missed="1" covered="0"/></method><method name="diffLevenshtein" desc="(Ljava/util/List;)I" line="1445"><counter type="INSTRUCTION" missed="53" covered="0"/><counter type="BRANCH" missed="6" covered="0"/><counter type="LINE" missed="15" covered="0"/><counter type="COMPLEXITY" missed="5" covered="0"/><counter type="METHOD" missed="1" covered="0"/></method><method name="diffToDelta" desc="(Ljava/util/List;)Ljava/lang/String;" line="1478"><counter type="INSTRUCTION" missed="74" covered="0"/><counter type="BRANCH" missed="8" covered="0"/><counter type="LINE" missed="15" covered="0"/><counter type="COMPLEXITY" missed="6" covered="0"/><counter type="METHOD" missed="1" covered="0"/></method><method name="diffFromDelta" desc="(Ljava/lang/String;Ljava/lang/String;)Ljava/util/List;" line="1511"><counter type="INSTRUCTION" missed="154" covered="0"/><counter type="BRANCH" missed="13" covered="0"/><counter type="LINE" missed="39" covered="0"/><counter type="COMPLEXITY" missed="8" covered="0"/><counter type="METHOD" missed="1" covered="0"/></method><method name="matchMain" desc="(Ljava/lang/String;Ljava/lang/String;I)I" line="1594"><counter type="INSTRUCTION" missed="52" covered="0"/><counter type="BRANCH" missed="12" covered="0"/><counter type="LINE" missed="11" covered="0"/><counter type="COMPLEXITY" missed="7" covered="0"/><counter type="METHOD" missed="1" covered="0"/></method><method name="matchBitap" desc="(Ljava/lang/String;Ljava/lang/String;I)I" line="1626"><counter type="INSTRUCTION" missed="275" covered="0"/><counter type="BRANCH" missed="26" covered="0"/><counter type="LINE" missed="43" covered="0"/><counter type="COMPLEXITY" missed="14" covered="0"/><counter type="METHOD" missed="1" covered="0"/></method><method name="matchBitapScore" desc="(IIILjava/lang/String;)D" line="1730"><counter type="INSTRUCTION" missed="20" covered="0"/><counter type="LINE" missed="3" covered="0"/><counter type="COMPLEXITY" missed="1" covered="0"/><counter type="METHOD" missed="1" covered="0"/></method><method name="matchAlphabet" desc="(Ljava/lang/String;)Ljava/util/Map;" line="1742"><counter type="INSTRUCTION" missed="72" covered="0"/><counter type="BRANCH" missed="4" covered="0"/><counter type="LINE" missed="9" covered="0"/><counter type="COMPLEXITY" missed="3" covered="0"/><counter type="METHOD" missed="1" covered="0"/></method><method name="patchAddContext" desc="(Lcom/jsql/model/injection/strategy/blind/patch/Patch;Ljava/lang/String;)V" line="1766"><counter type="INSTRUCTION" missed="136" covered="0"/><counter type="BRANCH" missed="10" covered="0"/><counter type="LINE" missed="23" covered="0"/><counter type="COMPLEXITY" missed="6" covered="0"/><counter type="METHOD" missed="1" covered="0"/></method><method name="patchMake" desc="(Ljava/lang/String;Ljava/lang/String;)Ljava/util/List;" line="1813"><counter type="INSTRUCTION" missed="30" covered="0"/><counter type="BRANCH" missed="6" covered="0"/><counter type="LINE" missed="7" covered="0"/><counter type="COMPLEXITY" missed="4" covered="0"/><counter type="METHOD" missed="1" covered="0"/></method><method name="patchMake" desc="(Ljava/util/LinkedList;)Ljava/util/List;" line="1833"><counter type="INSTRUCTION" missed="16" covered="0"/><counter type="BRANCH" missed="2" covered="0"/><counter type="LINE" missed="4" covered="0"/><counter type="COMPLEXITY" missed="2" covered="0"/><counter type="METHOD" missed="1" covered="0"/></method><method name="patchMake" desc="(Ljava/lang/String;Ljava/util/Deque;)Ljava/util/List;" line="1850"><counter type="INSTRUCTION" missed="206" covered="0"/><counter type="BRANCH" missed="32" covered="0"/><counter type="LINE" missed="48" covered="0"/><counter type="COMPLEXITY" missed="18" covered="0"/><counter type="METHOD" missed="1" covered="0"/></method><method name="patchDeepCopy" desc="(Ljava/util/List;)Ljava/util/LinkedList;" line="1940"><counter type="INSTRUCTION" missed="67" covered="0"/><counter type="BRANCH" missed="4" covered="0"/><counter type="LINE" missed="14" covered="0"/><counter type="COMPLEXITY" missed="3" covered="0"/><counter type="METHOD" missed="1" covered="0"/></method><method name="patchApply" desc="(Ljava/util/LinkedList;Ljava/lang/String;)[Ljava/lang/Object;" line="1966"><counter type="INSTRUCTION" missed="307" covered="0"/><counter type="BRANCH" missed="32" covered="0"/><counter type="LINE" missed="60" covered="0"/><counter type="COMPLEXITY" missed="17" covered="0"/><counter type="METHOD" missed="1" covered="0"/></method><method name="patchAddPadding" desc="(Ljava/util/Deque;)Ljava/lang/String;" line="2080"><counter type="INSTRUCTION" missed="227" covered="0"/><counter type="BRANCH" missed="16" covered="0"/><counter type="LINE" missed="38" covered="0"/><counter type="COMPLEXITY" missed="9" covered="0"/><counter type="METHOD" missed="1" covered="0"/></method><method name="patchSplitMax" desc="(Ljava/util/List;)V" line="2142"><counter type="INSTRUCTION" missed="360" covered="0"/><counter type="BRANCH" missed="42" covered="0"/><counter type="LINE" missed="65" covered="0"/><counter type="COMPLEXITY" missed="22" covered="0"/><counter type="METHOD" missed="1" covered="0"/></method><method name="patchToText" desc="(Ljava/util/List;)Ljava/lang/String;" line="2253"><counter type="INSTRUCTION" missed="22" covered="0"/><counter type="BRANCH" missed="2" covered="0"/><counter type="LINE" missed="5" covered="0"/><counter type="COMPLEXITY" missed="2" covered="0"/><counter type="METHOD" missed="1" covered="0"/></method><method name="patchFromText" desc="(Ljava/lang/String;)Ljava/util/List;" line="2268"><counter type="INSTRUCTION" missed="241" covered="0"/><counter type="BRANCH" missed="24" covered="0"/><counter type="LINE" missed="54" covered="0"/><counter type="COMPLEXITY" missed="13" covered="0"/><counter type="METHOD" missed="1" covered="0"/></method><method name="&lt;clinit&gt;" desc="()V" line="50"><counter type="INSTRUCTION" missed="0" covered="11"/><counter type="LINE" missed="0" covered="3"/><counter type="COMPLEXITY" missed="0" covered="1"/><counter type="METHOD" missed="0" covered="1"/></method><counter type="INSTRUCTION" missed="3155" covered="2128"/><counter type="BRANCH" missed="397" covered="290"/><counter type="LINE" missed="647" covered="464"/><counter type="COMPLEXITY" missed="244" covered="149"/><counter type="METHOD" missed="23" covered="20"/><counter type="CLASS" missed="0" covered="1"/></class><class name="com/jsql/model/injection/strategy/blind/patch/DiffMatchPatch$Operation" sourcefilename="DiffMatchPatch.java"><method name="&lt;clinit&gt;" desc="()V" line="124"><counter type="INSTRUCTION" missed="0" covered="21"/><counter type="LINE" missed="0" covered="2"/><counter type="COMPLEXITY" missed="0" covered="1"/><counter type="METHOD" missed="0" covered="1"/></method><counter type="INSTRUCTION" missed="0" covered="21"/><counter type="LINE" missed="0" covered="2"/><counter type="COMPLEXITY" missed="0" covered="1"/><counter type="METHOD" missed="0" covered="1"/><counter type="CLASS" missed="0" covered="1"/></class><class name="com/jsql/model/injection/strategy/blind/patch/Diff" sourcefilename="Diff.java"><method name="&lt;init&gt;" desc="(Lcom/jsql/model/injection/strategy/blind/patch/DiffMatchPatch$Operation;Ljava/lang/String;)V" line="25"><counter type="INSTRUCTION" missed="0" covered="9"/><counter type="LINE" missed="0" covered="4"/><counter type="COMPLEXITY" missed="0" covered="1"/><counter type="METHOD" missed="0" covered="1"/></method><method name="toString" desc="()Ljava/lang/String;" line="39"><counter type="INSTRUCTION" missed="0" covered="12"/><counter type="LINE" missed="0" covered="2"/><counter type="COMPLEXITY" missed="0" covered="1"/><counter type="METHOD" missed="0" covered="1"/></method><method name="hashCode" desc="()I" line="51"><counter type="INSTRUCTION" missed="4" covered="22"/><counter type="BRANCH" missed="2" covered="2"/><counter type="LINE" missed="0" covered="4"/><counter type="COMPLEXITY" missed="2" covered="1"/><counter type="METHOD" missed="0" covered="1"/></method><method name="equals" desc="(Ljava/lang/Object;)Z" line="65"><counter type="INSTRUCTION" missed="11" covered="31"/><counter type="BRANCH" missed="5" covered="7"/><counter type="LINE" missed="3" covered="9"/><counter type="COMPLEXITY" missed="4" covered="3"/><counter type="METHOD" missed="0" covered="1"/></method><method name="compareTo" desc="(Lcom/jsql/model/injection/strategy/blind/patch/Diff;)I" line="89"><counter type="INSTRUCTION" missed="10" covered="0"/><counter type="BRANCH" missed="2" covered="0"/><counter type="LINE" missed="1" covered="0"/><counter type="COMPLEXITY" missed="2" covered="0"/><counter type="METHOD" missed="1" covered="0"/></method><method name="getOperation" desc="()Lcom/jsql/model/injection/strategy/blind/patch/DiffMatchPatch$Operation;" line="96"><counter type="INSTRUCTION" missed="0" covered="3"/><counter type="LINE" missed="0" covered="1"/><counter type="COMPLEXITY" missed="0" covered="1"/><counter type="METHOD" missed="0" covered="1"/></method><method name="setOperation" desc="(Lcom/jsql/model/injection/strategy/blind/patch/DiffMatchPatch$Operation;)V" line="100"><counter type="INSTRUCTION" missed="4" covered="0"/><counter type="LINE" missed="2" covered="0"/><counter type="COMPLEXITY" missed="1" covered="0"/><counter type="METHOD" missed="1" covered="0"/></method><method name="getText" desc="()Ljava/lang/String;" line="104"><counter type="INSTRUCTION" missed="0" covered="3"/><counter type="LINE" missed="0" covered="1"/><counter type="COMPLEXITY" missed="0" covered="1"/><counter type="METHOD" missed="0" covered="1"/></method><method name="setText" desc="(Ljava/lang/String;)V" line="108"><counter type="INSTRUCTION" missed="0" covered="4"/><counter type="LINE" missed="0" covered="2"/><counter type="COMPLEXITY" missed="0" covered="1"/><counter type="METHOD" missed="0" covered="1"/></method><counter type="INSTRUCTION" missed="29" covered="84"/><counter type="BRANCH" missed="9" covered="9"/><counter type="LINE" missed="6" covered="23"/><counter type="COMPLEXITY" missed="9" covered="9"/><counter type="METHOD" missed="2" covered="7"/><counter type="CLASS" missed="0" covered="1"/></class><sourcefile name="DiffMatchPatch.java"><line nr="45" mi="0" ci="3" mb="0" cb="0"/><line nr="50" mi="0" ci="2" mb="0" cb="0"/><line nr="96" mi="0" ci="4" mb="0" cb="0"/><line nr="97" mi="0" ci="5" mb="0" cb="0"/><line nr="109" mi="0" ci="2" mb="0" cb="0"/><line nr="110" mi="0" ci="3" mb="0" cb="0"/><line nr="111" mi="0" ci="3" mb="0" cb="0"/><line nr="112" mi="0" ci="3" mb="0" cb="0"/><line nr="113" mi="0" ci="1" mb="0" cb="0"/><line nr="124" mi="0" ci="3" mb="0" cb="0"/><line nr="125" mi="0" ci="18" mb="0" cb="0"/><line nr="138" mi="6" ci="0" mb="0" cb="0"/><line nr="153" mi="0" ci="4" mb="0" cb="0"/><line nr="154" mi="0" ci="7" mb="0" cb="0"/><line nr="171" mi="0" ci="2" mb="0" cb="0"/><line nr="172" mi="0" ci="2" mb="0" cb="0"/><line nr="175" mi="0" ci="4" mb="2" cb="2"/><line nr="176" mi="5" ci="0" mb="0" cb="0"/><line nr="181" mi="0" ci="4" mb="0" cb="2"/><line nr="182" mi="0" ci="4" mb="0" cb="0"/><line nr="183" mi="0" ci="3" mb="0" cb="2"/><line nr="184" mi="0" ci="8" mb="0" cb="0"/><line nr="186" mi="0" ci="2" mb="0" cb="0"/><line nr="190" mi="0" ci="5" mb="0" cb="0"/><line nr="191" mi="0" ci="5" mb="0" cb="0"/><line nr="192" mi="0" ci="4" mb="0" cb="0"/><line nr="193" mi="0" ci="4" mb="0" cb="0"/><line nr="196" mi="0" ci="5" mb="0" cb="0"/><line nr="197" mi="0" ci="7" mb="0" cb="0"/><line nr="198" mi="0" ci="8" mb="0" cb="0"/><line nr="199" mi="0" ci="8" mb="0" cb="0"/><line nr="202" mi="0" ci="7" mb="0" cb="0"/><line nr="205" mi="0" ci="3" mb="0" cb="2"/><line nr="206" mi="0" ci="7" mb="0" cb="0"/><line nr="208" mi="0" ci="3" mb="0" cb="2"/><line nr="209" mi="0" ci="7" mb="0" cb="0"/><line nr="212" mi="0" ci="3" mb="0" cb="0"/><line nr="213" mi="0" ci="2" mb="0" cb="0"/><line nr="229" mi="0" ci="4" mb="0" cb="0"/><line nr="231" mi="0" ci="3" mb="0" cb="2"/><line nr="233" mi="0" ci="8" mb="0" cb="0"/><line nr="234" mi="0" ci="2" mb="0" cb="0"/><line nr="237" mi="0" ci="3" mb="0" cb="2"/><line nr="239" mi="0" ci="8" mb="0" cb="0"/><line nr="240" mi="0" ci="2" mb="0" cb="0"/><line nr="245" mi="0" ci="9" mb="0" cb="2"/><line nr="246" mi="0" ci="9" mb="0" cb="2"/><line nr="247" mi="0" ci="4" mb="0" cb="0"/><line nr="248" mi="0" ci="3" mb="0" cb="2"/><line nr="250" mi="0" ci="5" mb="0" cb="2"/><line nr="251" mi="0" ci="4" mb="0" cb="0"/><line nr="252" mi="0" ci="11" mb="0" cb="0"/><line nr="253" mi="0" ci="8" mb="0" cb="0"/><line nr="254" mi="0" ci="13" mb="0" cb="0"/><line nr="255" mi="0" ci="2" mb="0" cb="0"/><line nr="258" mi="0" ci="4" mb="0" cb="2"/><line nr="261" mi="0" ci="8" mb="0" cb="0"/><line nr="262" mi="0" ci="8" mb="0" cb="0"/><line nr="263" mi="0" ci="2" mb="0" cb="0"/><line nr="268" mi="0" ci="5" mb="0" cb="0"/><line nr="269" mi="0" ci="2" mb="0" cb="2"/><line nr="271" mi="0" ci="4" mb="0" cb="0"/><line nr="272" mi="0" ci="4" mb="0" cb="0"/><line nr="273" mi="0" ci="4" mb="0" cb="0"/><line nr="274" mi="0" ci="4" mb="0" cb="0"/><line nr="275" mi="0" ci="4" mb="0" cb="0"/><line nr="277" mi="0" ci="7" mb="0" cb="0"/><line nr="278" mi="0" ci="7" mb="0" cb="0"/><line nr="280" mi="0" ci="2" mb="0" cb="0"/><line nr="281" mi="0" ci="8" mb="0" cb="0"/><line nr="282" mi="0" ci="4" mb="0" cb="0"/><line nr="283" mi="0" ci="2" mb="0" cb="0"/><line nr="286" mi="0" ci="10" mb="0" cb="6"/><line nr="287" mi="0" ci="6" mb="0" cb="0"/><line nr="290" mi="0" ci="6" mb="0" cb="0"/><line nr="305" mi="0" ci="5" mb="0" cb="0"/><line nr="306" mi="0" ci="3" mb="0" cb="0"/><line nr="307" mi="0" ci="3" mb="0" cb="0"/><line nr="308" mi="0" ci="3" mb="0" cb="0"/><line nr="310" mi="0" ci="7" mb="0" cb="0"/><line nr="313" mi="0" ci="4" mb="0" cb="0"/><line nr="315" mi="0" ci="3" mb="0" cb="0"/><line nr="319" mi="0" ci="8" mb="0" cb="0"/><line nr="320" mi="0" ci="2" mb="0" cb="0"/><line nr="321" mi="0" ci="2" mb="0" cb="0"/><line nr="322" mi="0" ci="4" mb="0" cb="0"/><line nr="323" mi="0" ci="4" mb="0" cb="0"/><line nr="324" mi="0" ci="3" mb="0" cb="0"/><line nr="325" mi="0" ci="4" mb="0" cb="0"/><line nr="327" mi="0" ci="2" mb="0" cb="2"/><line nr="328" mi="0" ci="4" mb="1" cb="3"/><line nr="330" mi="0" ci="1" mb="0" cb="0"/><line nr="331" mi="0" ci="5" mb="0" cb="0"/><line nr="332" mi="0" ci="1" mb="0" cb="0"/><line nr="334" mi="0" ci="1" mb="0" cb="0"/><line nr="335" mi="0" ci="5" mb="0" cb="0"/><line nr="336" mi="0" ci="1" mb="0" cb="0"/><line nr="339" mi="0" ci="6" mb="1" cb="3"/><line nr="341" mi="0" ci="3" mb="0" cb="0"/><line nr="342" mi="0" ci="9" mb="0" cb="2"/><line nr="343" mi="0" ci="3" mb="0" cb="0"/><line nr="344" mi="0" ci="2" mb="0" cb="0"/><line nr="346" mi="0" ci="17" mb="0" cb="2"/><line nr="347" mi="0" ci="3" mb="0" cb="0"/><line nr="348" mi="0" ci="1" mb="0" cb="0"/><line nr="350" mi="0" ci="2" mb="0" cb="0"/><line nr="351" mi="0" ci="2" mb="0" cb="0"/><line nr="352" mi="0" ci="3" mb="0" cb="0"/><line nr="353" mi="0" ci="3" mb="0" cb="0"/><line nr="356" mi="0" ci="10" mb="0" cb="2"/><line nr="358" mi="0" ci="3" mb="0" cb="0"/><line nr="360" mi="0" ci="2" mb="0" cb="0"/><line nr="375" mi="0" ci="3" mb="0" cb="0"/><line nr="376" mi="0" ci="3" mb="0" cb="0"/><line nr="377" mi="0" ci="8" mb="0" cb="0"/><line nr="378" mi="0" ci="4" mb="0" cb="0"/><line nr="379" mi="0" ci="3" mb="0" cb="0"/><line nr="380" mi="0" ci="3" mb="0" cb="0"/><line nr="381" mi="0" ci="7" mb="0" cb="2"/><line nr="382" mi="0" ci="4" mb="0" cb="0"/><line nr="383" mi="0" ci="4" mb="0" cb="0"/><line nr="385" mi="0" ci="6" mb="0" cb="0"/><line nr="386" mi="0" ci="6" mb="0" cb="0"/><line nr="387" mi="0" ci="4" mb="0" cb="0"/><line nr="390" mi="0" ci="8" mb="0" cb="2"/><line nr="393" mi="0" ci="2" mb="0" cb="0"/><line nr="394" mi="0" ci="2" mb="0" cb="0"/><line nr="395" mi="0" ci="2" mb="0" cb="0"/><line nr="396" mi="0" ci="2" mb="0" cb="0"/><line nr="398" mi="0" ci="7" mb="0" cb="2"/><line nr="400" mi="0" ci="4" mb="1" cb="1"/><line nr="401" mi="1" ci="0" mb="0" cb="0"/><line nr="405" mi="0" ci="12" mb="0" cb="2"/><line nr="406" mi="0" ci="4" mb="0" cb="0"/><line nr="408" mi="0" ci="18" mb="0" cb="6"/><line nr="409" mi="0" ci="7" mb="0" cb="0"/><line nr="411" mi="0" ci="8" mb="0" cb="0"/><line nr="413" mi="0" ci="4" mb="0" cb="0"/><line nr="414" mi="0" ci="8" mb="0" cb="4"/><line nr="415" mi="0" ci="5" mb="0" cb="2"/><line nr="416" mi="0" ci="1" mb="0" cb="0"/><line nr="417" mi="0" ci="2" mb="0" cb="0"/><line nr="419" mi="0" ci="4" mb="0" cb="0"/><line nr="420" mi="0" ci="3" mb="0" cb="2"/><line nr="422" mi="0" ci="2" mb="0" cb="0"/><line nr="423" mi="0" ci="3" mb="0" cb="2"/><line nr="425" mi="0" ci="2" mb="0" cb="0"/><line nr="426" mi="0" ci="2" mb="0" cb="2"/><line nr="427" mi="0" ci="6" mb="0" cb="0"/><line nr="428" mi="0" ci="10" mb="0" cb="6"/><line nr="430" mi="0" ci="6" mb="0" cb="0"/><line nr="431" mi="0" ci="3" mb="0" cb="2"/><line nr="433" mi="0" ci="8" mb="0" cb="0"/><line nr="440" mi="0" ci="12" mb="0" cb="2"/><line nr="441" mi="0" ci="4" mb="0" cb="0"/><line nr="443" mi="0" ci="18" mb="0" cb="6"/><line nr="444" mi="0" ci="7" mb="0" cb="0"/><line nr="446" mi="0" ci="8" mb="0" cb="0"/><line nr="448" mi="0" ci="4" mb="0" cb="0"/><line nr="449" mi="0" ci="12" mb="0" cb="4"/><line nr="450" mi="0" ci="7" mb="0" cb="0"/><line nr="451" mi="0" ci="2" mb="0" cb="2"/><line nr="452" mi="0" ci="1" mb="0" cb="0"/><line nr="453" mi="0" ci="2" mb="0" cb="0"/><line nr="455" mi="0" ci="4" mb="0" cb="0"/><line nr="456" mi="0" ci="3" mb="0" cb="2"/><line nr="458" mi="0" ci="2" mb="0" cb="0"/><line nr="459" mi="0" ci="3" mb="0" cb="2"/><line nr="461" mi="0" ci="2" mb="0" cb="0"/><line nr="462" mi="0" ci="2" mb="0" cb="2"/><line nr="463" mi="0" ci="6" mb="0" cb="0"/><line nr="464" mi="0" ci="10" mb="0" cb="6"/><line nr="465" mi="0" ci="4" mb="0" cb="0"/><line nr="466" mi="0" ci="6" mb="0" cb="0"/><line nr="468" mi="0" ci="4" mb="0" cb="0"/><line nr="469" mi="0" ci="3" mb="0" cb="2"/><line nr="471" mi="0" ci="8" mb="0" cb="0"/><line nr="479" mi="0" ci="4" mb="0" cb="0"/><line nr="480" mi="0" ci="8" mb="0" cb="0"/><line nr="481" mi="0" ci="8" mb="0" cb="0"/><line nr="482" mi="0" ci="2" mb="0" cb="0"/><line nr="497" mi="0" ci="5" mb="0" cb="0"/><line nr="498" mi="0" ci="5" mb="0" cb="0"/><line nr="499" mi="0" ci="4" mb="0" cb="0"/><line nr="500" mi="0" ci="4" mb="0" cb="0"/><line nr="503" mi="0" ci="7" mb="0" cb="0"/><line nr="504" mi="0" ci="7" mb="0" cb="0"/><line nr="506" mi="0" ci="4" mb="0" cb="0"/><line nr="507" mi="0" ci="2" mb="0" cb="0"/><line nr="521" mi="0" ci="4" mb="0" cb="0"/><line nr="522" mi="0" ci="4" mb="0" cb="0"/><line nr="528" mi="0" ci="4" mb="0" cb="0"/><line nr="530" mi="0" ci="6" mb="0" cb="0"/><line nr="531" mi="0" ci="6" mb="0" cb="0"/><line nr="532" mi="0" ci="7" mb="0" cb="0"/><line nr="546" mi="0" ci="2" mb="0" cb="0"/><line nr="547" mi="0" ci="2" mb="0" cb="0"/><line nr="549" mi="0" ci="4" mb="0" cb="0"/><line nr="553" mi="0" ci="6" mb="0" cb="2"/><line nr="554" mi="0" ci="5" mb="0" cb="0"/><line nr="555" mi="0" ci="3" mb="0" cb="2"/><line nr="556" mi="0" ci="5" mb="0" cb="0"/><line nr="558" mi="0" ci="7" mb="0" cb="0"/><line nr="559" mi="0" ci="4" mb="0" cb="0"/><line nr="561" mi="0" ci="4" mb="0" cb="2"/><line nr="562" mi="0" ci="10" mb="0" cb="0"/><line nr="564" mi="0" ci="4" mb="0" cb="0"/><line nr="565" mi="0" ci="9" mb="0" cb="0"/><line nr="566" mi="0" ci="9" mb="0" cb="0"/><line nr="569" mi="0" ci="3" mb="0" cb="0"/><line nr="581" mi="0" ci="10" mb="0" cb="2"/><line nr="582" mi="0" ci="4" mb="0" cb="0"/><line nr="583" mi="0" ci="9" mb="0" cb="2"/><line nr="584" mi="0" ci="10" mb="0" cb="0"/><line nr="586" mi="0" ci="4" mb="0" cb="0"/><line nr="587" mi="0" ci="1" mb="0" cb="0"/><line nr="588" mi="0" ci="1" mb="0" cb="0"/><line nr="599" mi="0" ci="6" mb="0" cb="0"/><line nr="600" mi="0" ci="7" mb="0" cb="2"/><line nr="601" mi="0" ci="7" mb="0" cb="2"/><line nr="602" mi="0" ci="2" mb="0" cb="0"/><line nr="605" mi="0" ci="2" mb="0" cb="0"/><line nr="617" mi="0" ci="3" mb="0" cb="0"/><line nr="618" mi="0" ci="3" mb="0" cb="0"/><line nr="619" mi="0" ci="4" mb="0" cb="0"/><line nr="620" mi="0" ci="7" mb="0" cb="2"/><line nr="621" mi="0" ci="11" mb="0" cb="2"/><line nr="622" mi="0" ci="4" mb="0" cb="0"/><line nr="625" mi="0" ci="2" mb="0" cb="0"/><line nr="637" mi="0" ci="2" mb="0" cb="0"/><line nr="638" mi="0" ci="2" mb="0" cb="0"/><line nr="641" mi="0" ci="3" mb="0" cb="0"/><line nr="642" mi="0" ci="3" mb="0" cb="0"/><line nr="644" mi="0" ci="4" mb="2" cb="2"/><line nr="645" mi="2" ci="0" mb="0" cb="0"/><line nr="648" mi="0" ci="3" mb="0" cb="2"/><line nr="649" mi="0" ci="7" mb="0" cb="0"/><line nr="650" mi="0" ci="3" mb="1" cb="1"/><line nr="651" mi="0" ci="5" mb="0" cb="0"/><line nr="653" mi="0" ci="4" mb="0" cb="0"/><line nr="655" mi="0" ci="4" mb="1" cb="1"/><line nr="656" mi="2" ci="0" mb="0" cb="0"/><line nr="662" mi="0" ci="2" mb="0" cb="0"/><line nr="663" mi="0" ci="2" mb="0" cb="0"/><line nr="665" mi="0" ci="6" mb="0" cb="0"/><line nr="666" mi="0" ci="4" mb="0" cb="0"/><line nr="667" mi="0" ci="3" mb="0" cb="2"/><line nr="668" mi="0" ci="2" mb="0" cb="0"/><line nr="670" mi="0" ci="4" mb="0" cb="0"/><line nr="671" mi="0" ci="12" mb="2" cb="2"/><line nr="672" mi="0" ci="1" mb="0" cb="0"/><line nr="673" mi="2" ci="0" mb="0" cb="0"/><line nr="674" mi="1" ci="0" mb="0" cb="0"/><line nr="676" mi="0" ci="1" mb="0" cb="0"/><line nr="691" mi="0" ci="9" mb="0" cb="2"/><line nr="692" mi="0" ci="9" mb="0" cb="2"/><line nr="693" mi="0" ci="11" mb="0" cb="4"/><line nr="694" mi="0" ci="2" mb="0" cb="0"/><line nr="698" mi="0" ci="11" mb="0" cb="0"/><line nr="700" mi="0" ci="11" mb="0" cb="0"/><line nr="702" mi="0" ci="4" mb="0" cb="4"/><line nr="703" mi="0" ci="2" mb="0" cb="0"/><line nr="704" mi="0" ci="2" mb="0" cb="2"/><line nr="705" mi="0" ci="3" mb="0" cb="0"/><line nr="706" mi="0" ci="2" mb="0" cb="2"/><line nr="707" mi="0" ci="3" mb="0" cb="0"/><line nr="710" mi="2" ci="11" mb="1" cb="1"/><line nr="714" mi="0" ci="5" mb="0" cb="2"/><line nr="715" mi="0" ci="2" mb="0" cb="0"/><line nr="717" mi="0" ci="33" mb="0" cb="0"/><line nr="734" mi="0" ci="10" mb="0" cb="0"/><line nr="735" mi="0" ci="2" mb="0" cb="0"/><line nr="736" mi="0" ci="2" mb="0" cb="0"/><line nr="737" mi="0" ci="2" mb="0" cb="0"/><line nr="738" mi="0" ci="2" mb="0" cb="0"/><line nr="739" mi="0" ci="2" mb="0" cb="0"/><line nr="740" mi="0" ci="2" mb="0" cb="0"/><line nr="741" mi="0" ci="10" mb="0" cb="2"/><line nr="742" mi="0" ci="8" mb="0" cb="0"/><line nr="743" mi="0" ci="1" mb="0" cb="0"/><line nr="744" mi="0" ci="10" mb="0" cb="0"/><line nr="745" mi="0" ci="1" mb="0" cb="0"/><line nr="746" mi="0" ci="6" mb="0" cb="2"/><line nr="747" mi="0" ci="11" mb="0" cb="0"/><line nr="748" mi="0" ci="3" mb="0" cb="0"/><line nr="749" mi="0" ci="7" mb="0" cb="0"/><line nr="750" mi="0" ci="6" mb="0" cb="0"/><line nr="751" mi="0" ci="7" mb="0" cb="0"/><line nr="752" mi="0" ci="6" mb="0" cb="0"/><line nr="754" mi="0" ci="1" mb="0" cb="0"/><line nr="755" mi="0" ci="7" mb="0" cb="2"/><line nr="756" mi="0" ci="23" mb="0" cb="0"/><line nr="759" mi="0" ci="2" mb="0" cb="0"/><line nr="769" mi="0" ci="3" mb="1" cb="1"/><line nr="770" mi="1" ci="0" mb="0" cb="0"/><line nr="772" mi="0" ci="2" mb="0" cb="0"/><line nr="774" mi="0" ci="4" mb="0" cb="0"/><line nr="775" mi="0" ci="2" mb="0" cb="0"/><line nr="776" mi="0" ci="3" mb="0" cb="0"/><line nr="778" mi="0" ci="2" mb="0" cb="0"/><line nr="779" mi="0" ci="2" mb="0" cb="0"/><line nr="781" mi="0" ci="2" mb="0" cb="0"/><line nr="782" mi="0" ci="2" mb="0" cb="0"/><line nr="783" mi="0" ci="4" mb="0" cb="0"/><line nr="785" mi="0" ci="2" mb="0" cb="2"/><line nr="786" mi="0" ci="4" mb="1" cb="1"/><line nr="788" mi="4" ci="0" mb="0" cb="0"/><line nr="789" mi="2" ci="0" mb="0" cb="0"/><line nr="790" mi="2" ci="0" mb="0" cb="0"/><line nr="791" mi="2" ci="0" mb="0" cb="0"/><line nr="792" mi="2" ci="0" mb="0" cb="0"/><line nr="793" mi="4" ci="0" mb="0" cb="0"/><line nr="796" mi="0" ci="4" mb="0" cb="2"/><line nr="797" mi="0" ci="7" mb="0" cb="0"/><line nr="799" mi="0" ci="6" mb="0" cb="0"/><line nr="803" mi="1" ci="2" mb="1" cb="1"/><line nr="805" mi="6" ci="0" mb="2" cb="0"/><line nr="806" mi="5" ci="0" mb="2" cb="0"/><line nr="809" mi="4" ci="0" mb="2" cb="0"/><line nr="810" mi="5" ci="0" mb="0" cb="0"/><line nr="812" mi="3" ci="0" mb="0" cb="0"/><line nr="815" mi="7" ci="0" mb="0" cb="0"/><line nr="817" mi="7" ci="0" mb="0" cb="0"/><line nr="819" mi="3" ci="0" mb="0" cb="0"/><line nr="820" mi="3" ci="0" mb="2" cb="0"/><line nr="822" mi="3" ci="0" mb="0" cb="0"/><line nr="824" mi="3" ci="0" mb="2" cb="0"/><line nr="826" mi="3" ci="0" mb="2" cb="0"/><line nr="827" mi="4" ci="0" mb="0" cb="0"/><line nr="831" mi="4" ci="0" mb="0" cb="0"/><line nr="832" mi="5" ci="0" mb="2" cb="0"/><line nr="837" mi="2" ci="0" mb="0" cb="0"/><line nr="838" mi="2" ci="0" mb="0" cb="0"/><line nr="839" mi="2" ci="0" mb="0" cb="0"/><line nr="840" mi="2" ci="0" mb="0" cb="0"/><line nr="841" mi="2" ci="0" mb="0" cb="0"/><line nr="842" mi="2" ci="0" mb="0" cb="0"/><line nr="845" mi="0" ci="10" mb="0" cb="2"/><line nr="849" mi="0" ci="2" mb="1" cb="1"/><line nr="850" mi="3" ci="0" mb="0" cb="0"/><line nr="852" mi="0" ci="3" mb="0" cb="0"/><line nr="860" mi="0" ci="3" mb="0" cb="0"/><line nr="861" mi="0" ci="2" mb="0" cb="0"/><line nr="862" mi="0" ci="2" mb="0" cb="0"/><line nr="863" mi="0" ci="3" mb="1" cb="1"/><line nr="864" mi="0" ci="4" mb="0" cb="0"/><line nr="865" mi="0" ci="3" mb="1" cb="1"/><line nr="866" mi="0" ci="4" mb="0" cb="0"/><line nr="870" mi="0" ci="2" mb="0" cb="2"/><line nr="871" mi="0" ci="5" mb="1" cb="1"/><line nr="872" mi="0" ci="3" mb="1" cb="1"/><line nr="873" mi="0" ci="3" mb="0" cb="0"/><line nr="874" mi="0" ci="3" mb="0" cb="0"/><line nr="875" mi="0" ci="5" mb="0" cb="0"/><line nr="876" mi="0" ci="5" mb="0" cb="0"/><line nr="877" mi="0" ci="3" mb="1" cb="1"/><line nr="878" mi="0" ci="12" mb="1" cb="1"/><line nr="879" mi="0" ci="6" mb="1" cb="1"/><line nr="881" mi="3" ci="0" mb="0" cb="0"/><line nr="882" mi="8" ci="0" mb="0" cb="0"/><line nr="883" mi="2" ci="0" mb="0" cb="0"/><line nr="884" mi="9" ci="0" mb="0" cb="0"/><line nr="885" mi="6" ci="0" mb="0" cb="0"/><line nr="890" mi="12" ci="0" mb="2" cb="0"/><line nr="891" mi="6" ci="0" mb="2" cb="0"/><line nr="894" mi="3" ci="0" mb="0" cb="0"/><line nr="895" mi="8" ci="0" mb="0" cb="0"/><line nr="896" mi="2" ci="0" mb="0" cb="0"/><line nr="897" mi="3" ci="0" mb="0" cb="0"/><line nr="898" mi="9" ci="0" mb="0" cb="0"/><line nr="899" mi="3" ci="0" mb="0" cb="0"/><line nr="900" mi="5" ci="0" mb="0" cb="0"/><line nr="905" mi="4" ci="5" mb="1" cb="1"/><line nr="907" mi="0" ci="2" mb="0" cb="0"/><line nr="908" mi="4" ci="6" mb="1" cb="1"/><line nr="910" mi="0" ci="1" mb="0" cb="0"/><line nr="920" mi="0" ci="4" mb="0" cb="0"/><line nr="922" mi="0" ci="4" mb="0" cb="0"/><line nr="931" mi="0" ci="3" mb="0" cb="0"/><line nr="932" mi="1" ci="8" mb="1" cb="1"/><line nr="933" mi="1" ci="8" mb="1" cb="1"/><line nr="934" mi="4" ci="5" mb="1" cb="1"/><line nr="937" mi="0" ci="2" mb="1" cb="1"/><line nr="938" mi="5" ci="0" mb="2" cb="0"/><line nr="939" mi="3" ci="0" mb="2" cb="0"/><line nr="941" mi="3" ci="0" mb="0" cb="0"/><line nr="942" mi="5" ci="0" mb="0" cb="0"/><line nr="943" mi="3" ci="0" mb="0" cb="0"/><line nr="944" mi="3" ci="0" mb="0" cb="0"/><line nr="945" mi="5" ci="0" mb="0" cb="0"/><line nr="948" mi="6" ci="0" mb="0" cb="0"/><line nr="949" mi="2" ci="0" mb="2" cb="0"/><line nr="950" mi="7" ci="0" mb="0" cb="0"/><line nr="951" mi="8" ci="0" mb="0" cb="0"/><line nr="952" mi="3" ci="0" mb="0" cb="0"/><line nr="953" mi="4" ci="0" mb="0" cb="0"/><line nr="954" mi="10" ci="0" mb="0" cb="0"/><line nr="955" mi="5" ci="0" mb="0" cb="0"/><line nr="959" mi="3" ci="0" mb="0" cb="0"/><line nr="960" mi="2" ci="0" mb="0" cb="0"/><line nr="961" mi="3" ci="0" mb="0" cb="0"/><line nr="962" mi="8" ci="0" mb="0" cb="0"/><line nr="963" mi="4" ci="0" mb="0" cb="0"/><line nr="964" mi="8" ci="0" mb="4" cb="0"/><line nr="965" mi="5" ci="0" mb="2" cb="0"/><line nr="966" mi="6" ci="0" mb="0" cb="0"/><line nr="967" mi="8" ci="0" mb="0" cb="0"/><line nr="968" mi="4" ci="0" mb="0" cb="0"/><line nr="969" mi="3" ci="0" mb="0" cb="0"/><line nr="970" mi="4" ci="0" mb="0" cb="0"/><line nr="971" mi="8" ci="0" mb="0" cb="0"/><line nr="972" mi="4" ci="0" mb="0" cb="0"/><line nr="974" mi="3" ci="0" mb="2" cb="0"/><line nr="975" mi="2" ci="0" mb="0" cb="0"/><line nr="976" mi="3" ci="0" mb="0" cb="0"/><line nr="977" mi="2" ci="0" mb="0" cb="0"/><line nr="978" mi="3" ci="0" mb="0" cb="0"/><line nr="980" mi="1" ci="0" mb="0" cb="0"/><line nr="982" mi="5" ci="0" mb="2" cb="0"/><line nr="984" mi="3" ci="0" mb="2" cb="0"/><line nr="985" mi="4" ci="0" mb="0" cb="0"/><line nr="987" mi="3" ci="0" mb="0" cb="0"/><line nr="988" mi="3" ci="0" mb="0" cb="0"/><line nr="989" mi="3" ci="0" mb="0" cb="0"/><line nr="990" mi="2" ci="0" mb="0" cb="0"/><line nr="991" mi="3" ci="0" mb="0" cb="0"/><line nr="992" mi="3" ci="0" mb="0" cb="0"/><line nr="994" mi="3" ci="0" mb="0" cb="0"/><line nr="995" mi="3" ci="0" mb="2" cb="0"/><line nr="996" mi="4" ci="0" mb="0" cb="0"/><line nr="998" mi="2" ci="0" mb="0" cb="0"/><line nr="999" mi="2" ci="0" mb="0" cb="0"/><line nr="1000" mi="2" ci="0" mb="0" cb="0"/><line nr="1004" mi="2" ci="0" mb="0" cb="0"/><line nr="1005" mi="2" ci="0" mb="0" cb="0"/><line nr="1006" mi="10" ci="0" mb="2" cb="0"/><line nr="1008" mi="0" ci="1" mb="0" cb="0"/><line nr="1020" mi="6" ci="0" mb="4" cb="0"/><line nr="1022" mi="2" ci="0" mb="0" cb="0"/><line nr="1030" mi="7" ci="0" mb="0" cb="0"/><line nr="1031" mi="4" ci="0" mb="0" cb="0"/><line nr="1032" mi="7" ci="0" mb="2" cb="0"/><line nr="1033" mi="7" ci="0" mb="2" cb="0"/><line nr="1034" mi="9" ci="0" mb="4" cb="0"/><line nr="1035" mi="9" ci="0" mb="4" cb="0"/><line nr="1036" mi="3" ci="0" mb="2" cb="0"/><line nr="1037" mi="7" ci="0" mb="2" cb="0"/><line nr="1038" mi="3" ci="0" mb="2" cb="0"/><line nr="1039" mi="7" ci="0" mb="2" cb="0"/><line nr="1040" mi="11" ci="0" mb="4" cb="0"/><line nr="1041" mi="11" ci="0" mb="4" cb="0"/><line nr="1043" mi="4" ci="0" mb="4" cb="0"/><line nr="1045" mi="2" ci="0" mb="0" cb="0"/><line nr="1046" mi="4" ci="0" mb="4" cb="0"/><line nr="1048" mi="2" ci="0" mb="0" cb="0"/><line nr="1049" mi="6" ci="0" mb="6" cb="0"/><line nr="1051" mi="2" ci="0" mb="0" cb="0"/><line nr="1052" mi="4" ci="0" mb="4" cb="0"/><line nr="1054" mi="2" ci="0" mb="0" cb="0"/><line nr="1055" mi="4" ci="0" mb="4" cb="0"/><line nr="1057" mi="2" ci="0" mb="0" cb="0"/><line nr="1059" mi="2" ci="0" mb="0" cb="0"/><line nr="1068" mi="0" ci="3" mb="0" cb="2"/><line nr="1069" mi="0" ci="1" mb="0" cb="0"/><line nr="1071" mi="0" ci="2" mb="0" cb="0"/><line nr="1073" mi="0" ci="4" mb="0" cb="0"/><line nr="1074" mi="0" ci="2" mb="0" cb="0"/><line nr="1075" mi="0" ci="3" mb="0" cb="0"/><line nr="1077" mi="0" ci="2" mb="0" cb="0"/><line nr="1079" mi="0" ci="2" mb="0" cb="0"/><line nr="1081" mi="0" ci="2" mb="0" cb="0"/><line nr="1083" mi="0" ci="2" mb="0" cb="0"/><line nr="1084" mi="0" ci="4" mb="0" cb="0"/><line nr="1085" mi="0" ci="2" mb="0" cb="0"/><line nr="1086" mi="0" ci="2" mb="0" cb="2"/><line nr="1088" mi="0" ci="4" mb="0" cb="2"/><line nr="1091" mi="0" ci="9" mb="0" cb="6"/><line nr="1093" mi="0" ci="4" mb="0" cb="0"/><line nr="1094" mi="0" ci="2" mb="0" cb="0"/><line nr="1095" mi="0" ci="2" mb="0" cb="0"/><line nr="1096" mi="0" ci="4" mb="0" cb="0"/><line nr="1099" mi="0" ci="2" mb="0" cb="0"/><line nr="1100" mi="0" ci="2" mb="0" cb="0"/><line nr="1101" mi="0" ci="2" mb="0" cb="0"/><line nr="1103" mi="0" ci="5" mb="0" cb="0"/><line nr="1106" mi="0" ci="4" mb="0" cb="2"/><line nr="1107" mi="0" ci="3" mb="0" cb="0"/><line nr="1109" mi="0" ci="2" mb="0" cb="0"/><line nr="1120" mi="0" ci="11" mb="0" cb="10"/><line nr="1125" mi="0" ci="3" mb="0" cb="2"/><line nr="1126" mi="0" ci="25" mb="0" cb="10"/><line nr="1131" mi="0" ci="4" mb="0" cb="2"/><line nr="1132" mi="0" ci="5" mb="0" cb="0"/><line nr="1134" mi="0" ci="3" mb="0" cb="0"/><line nr="1137" mi="0" ci="7" mb="0" cb="0"/><line nr="1139" mi="0" ci="6" mb="0" cb="0"/><line nr="1140" mi="0" ci="3" mb="0" cb="0"/><line nr="1142" mi="0" ci="3" mb="0" cb="0"/><line nr="1143" mi="0" ci="2" mb="0" cb="0"/><line nr="1144" mi="0" ci="4" mb="0" cb="4"/><line nr="1146" mi="0" ci="4" mb="0" cb="0"/><line nr="1147" mi="0" ci="2" mb="0" cb="0"/><line nr="1148" mi="0" ci="3" mb="0" cb="0"/><line nr="1150" mi="0" ci="3" mb="0" cb="2"/><line nr="1152" mi="0" ci="3" mb="0" cb="0"/><line nr="1154" mi="0" ci="3" mb="0" cb="2"/><line nr="1157" mi="0" ci="3" mb="0" cb="0"/><line nr="1160" mi="0" ci="4" mb="0" cb="0"/><line nr="1162" mi="0" ci="5" mb="0" cb="2"/><line nr="1165" mi="0" ci="4" mb="0" cb="0"/><line nr="1168" mi="0" ci="2" mb="0" cb="0"/><line nr="1171" mi="0" ci="10" mb="0" cb="2"/><line nr="1174" mi="0" ci="2" mb="0" cb="2"/><line nr="1175" mi="0" ci="3" mb="0" cb="0"/><line nr="1177" mi="0" ci="1" mb="0" cb="0"/><line nr="1186" mi="0" ci="8" mb="0" cb="0"/><line nr="1187" mi="0" ci="3" mb="0" cb="0"/><line nr="1188" mi="0" ci="2" mb="0" cb="0"/><line nr="1189" mi="0" ci="2" mb="0" cb="0"/><line nr="1190" mi="0" ci="4" mb="0" cb="0"/><line nr="1191" mi="0" ci="4" mb="0" cb="0"/><line nr="1192" mi="0" ci="4" mb="0" cb="0"/><line nr="1193" mi="0" ci="2" mb="0" cb="0"/><line nr="1195" mi="0" ci="2" mb="0" cb="2"/><line nr="1196" mi="0" ci="4" mb="1" cb="3"/><line nr="1198" mi="0" ci="1" mb="0" cb="0"/><line nr="1199" mi="0" ci="5" mb="0" cb="0"/><line nr="1200" mi="0" ci="2" mb="0" cb="0"/><line nr="1201" mi="0" ci="1" mb="0" cb="0"/><line nr="1203" mi="0" ci="1" mb="0" cb="0"/><line nr="1204" mi="0" ci="5" mb="0" cb="0"/><line nr="1205" mi="0" ci="2" mb="0" cb="0"/><line nr="1206" mi="0" ci="1" mb="0" cb="0"/><line nr="1208" mi="0" ci="5" mb="0" cb="2"/><line nr="1210" mi="0" ci="8" mb="0" cb="4"/><line nr="1212" mi="0" ci="3" mb="0" cb="0"/><line nr="1213" mi="0" ci="3" mb="0" cb="2"/><line nr="1214" mi="0" ci="3" mb="0" cb="0"/><line nr="1215" mi="0" ci="3" mb="0" cb="0"/><line nr="1217" mi="0" ci="3" mb="0" cb="2"/><line nr="1218" mi="0" ci="3" mb="0" cb="0"/><line nr="1219" mi="0" ci="3" mb="0" cb="0"/><line nr="1222" mi="0" ci="2" mb="0" cb="2"/><line nr="1224" mi="0" ci="7" mb="0" cb="0"/><line nr="1225" mi="0" ci="2" mb="1" cb="1"/><line nr="1226" mi="3" ci="0" mb="2" cb="0"/><line nr="1227" mi="4" ci="0" mb="0" cb="0"/><line nr="1229" mi="9" ci="0" mb="0" cb="0"/><line nr="1230" mi="4" ci="0" mb="0" cb="0"/><line nr="1232" mi="8" ci="0" mb="0" cb="0"/><line nr="1233" mi="2" ci="0" mb="0" cb="0"/><line nr="1235" mi="4" ci="0" mb="0" cb="0"/><line nr="1236" mi="3" ci="0" mb="0" cb="0"/><line nr="1237" mi="4" ci="0" mb="0" cb="0"/><line nr="1238" mi="4" ci="0" mb="0" cb="0"/><line nr="1239" mi="3" ci="0" mb="0" cb="0"/><line nr="1240" mi="4" ci="0" mb="0" cb="0"/><line nr="1243" mi="0" ci="7" mb="0" cb="0"/><line nr="1244" mi="0" ci="2" mb="1" cb="1"/><line nr="1245" mi="4" ci="0" mb="0" cb="0"/><line nr="1246" mi="11" ci="0" mb="0" cb="0"/><line nr="1247" mi="8" ci="0" mb="0" cb="0"/><line nr="1248" mi="3" ci="0" mb="0" cb="0"/><line nr="1249" mi="4" ci="0" mb="0" cb="0"/><line nr="1250" mi="8" ci="0" mb="0" cb="0"/><line nr="1251" mi="3" ci="0" mb="0" cb="0"/><line nr="1252" mi="4" ci="0" mb="0" cb="0"/><line nr="1253" mi="3" ci="0" mb="0" cb="0"/><line nr="1257" mi="0" ci="3" mb="0" cb="2"/><line nr="1258" mi="0" ci="8" mb="0" cb="0"/><line nr="1260" mi="0" ci="3" mb="0" cb="2"/><line nr="1261" mi="0" ci="8" mb="0" cb="0"/><line nr="1264" mi="1" ci="8" mb="1" cb="1"/><line nr="1265" mi="0" ci="3" mb="0" cb="2"/><line nr="1267" mi="0" ci="7" mb="0" cb="0"/><line nr="1268" mi="0" ci="2" mb="0" cb="0"/><line nr="1269" mi="0" ci="4" mb="0" cb="0"/><line nr="1270" mi="0" ci="3" mb="0" cb="0"/><line nr="1272" mi="0" ci="2" mb="0" cb="0"/><line nr="1273" mi="0" ci="2" mb="0" cb="0"/><line nr="1274" mi="0" ci="3" mb="0" cb="0"/><line nr="1275" mi="0" ci="3" mb="0" cb="0"/><line nr="1276" mi="0" ci="2" mb="0" cb="0"/><line nr="1279" mi="0" ci="10" mb="0" cb="2"/><line nr="1281" mi="0" ci="6" mb="0" cb="2"/><line nr="1282" mi="0" ci="3" mb="0" cb="0"/><line nr="1290" mi="0" ci="2" mb="0" cb="0"/><line nr="1293" mi="0" ci="3" mb="0" cb="0"/><line nr="1294" mi="1" ci="8" mb="1" cb="1"/><line nr="1295" mi="0" ci="9" mb="0" cb="2"/><line nr="1296" mi="0" ci="9" mb="0" cb="2"/><line nr="1299" mi="0" ci="2" mb="0" cb="2"/><line nr="1300" mi="0" ci="5" mb="0" cb="2"/><line nr="1301" mi="0" ci="3" mb="0" cb="2"/><line nr="1303" mi="0" ci="6" mb="0" cb="2"/><line nr="1305" mi="0" ci="5" mb="0" cb="0"/><line nr="1306" mi="0" ci="8" mb="0" cb="0"/><line nr="1307" mi="0" ci="3" mb="0" cb="0"/><line nr="1308" mi="0" ci="7" mb="0" cb="0"/><line nr="1309" mi="0" ci="3" mb="0" cb="0"/><line nr="1310" mi="0" ci="3" mb="0" cb="0"/><line nr="1311" mi="0" ci="3" mb="0" cb="0"/><line nr="1312" mi="0" ci="2" mb="0" cb="0"/><line nr="1313" mi="0" ci="3" mb="0" cb="0"/><line nr="1314" mi="0" ci="4" mb="0" cb="0"/><line nr="1315" mi="1" ci="8" mb="1" cb="1"/><line nr="1316" mi="0" ci="3" mb="0" cb="0"/><line nr="1317" mi="0" ci="6" mb="0" cb="2"/><line nr="1319" mi="0" ci="7" mb="0" cb="0"/><line nr="1320" mi="0" ci="9" mb="0" cb="0"/><line nr="1321" mi="0" ci="2" mb="0" cb="0"/><line nr="1322" mi="0" ci="2" mb="0" cb="0"/><line nr="1323" mi="4" ci="5" mb="1" cb="1"/><line nr="1324" mi="0" ci="2" mb="0" cb="0"/><line nr="1327" mi="0" ci="2" mb="0" cb="0"/><line nr="1328" mi="0" ci="2" mb="0" cb="0"/><line nr="1329" mi="0" ci="10" mb="0" cb="2"/><line nr="1332" mi="0" ci="2" mb="0" cb="2"/><line nr="1333" mi="0" ci="3" mb="0" cb="0"/><line nr="1335" mi="0" ci="1" mb="0" cb="0"/><line nr="1347" mi="2" ci="0" mb="0" cb="0"/><line nr="1348" mi="2" ci="0" mb="0" cb="0"/><line nr="1349" mi="2" ci="0" mb="0" cb="0"/><line nr="1350" mi="2" ci="0" mb="0" cb="0"/><line nr="1351" mi="2" ci="0" mb="0" cb="0"/><line nr="1352" mi="10" ci="0" mb="2" cb="0"/><line nr="1353" mi="4" ci="0" mb="2" cb="0"/><line nr="1355" mi="6" ci="0" mb="0" cb="0"/><line nr="1357" mi="4" ci="0" mb="2" cb="0"/><line nr="1359" mi="6" ci="0" mb="0" cb="0"/><line nr="1361" mi="3" ci="0" mb="2" cb="0"/><line nr="1363" mi="2" ci="0" mb="0" cb="0"/><line nr="1364" mi="1" ci="0" mb="0" cb="0"/><line nr="1366" mi="2" ci="0" mb="0" cb="0"/><line nr="1367" mi="2" ci="0" mb="0" cb="0"/><line nr="1368" mi="1" ci="0" mb="0" cb="0"/><line nr="1369" mi="6" ci="0" mb="4" cb="0"/><line nr="1371" mi="2" ci="0" mb="0" cb="0"/><line nr="1374" mi="6" ci="0" mb="0" cb="0"/><line nr="1384" mi="4" ci="0" mb="0" cb="0"/><line nr="1385" mi="10" ci="0" mb="2" cb="0"/><line nr="1386" mi="10" ci="0" mb="0" cb="0"/><line nr="1387" mi="5" ci="0" mb="0" cb="0"/><line nr="1388" mi="4" ci="0" mb="4" cb="0"/><line nr="1390" mi="6" ci="0" mb="0" cb="0"/><line nr="1391" mi="2" ci="0" mb="0" cb="0"/><line nr="1392" mi="1" ci="0" mb="0" cb="0"/><line nr="1394" mi="6" ci="0" mb="0" cb="0"/><line nr="1395" mi="2" ci="0" mb="0" cb="0"/><line nr="1396" mi="1" ci="0" mb="0" cb="0"/><line nr="1398" mi="8" ci="0" mb="0" cb="0"/><line nr="1401" mi="1" ci="0" mb="0" cb="0"/><line nr="1402" mi="3" ci="0" mb="0" cb="0"/><line nr="1412" mi="4" ci="0" mb="0" cb="0"/><line nr="1413" mi="10" ci="0" mb="2" cb="0"/><line nr="1414" mi="4" ci="0" mb="2" cb="0"/><line nr="1415" mi="5" ci="0" mb="0" cb="0"/><line nr="1417" mi="1" ci="0" mb="0" cb="0"/><line nr="1418" mi="3" ci="0" mb="0" cb="0"/><line nr="1428" mi="4" ci="0" mb="0" cb="0"/><line nr="1429" mi="10" ci="0" mb="2" cb="0"/><line nr="1430" mi="4" ci="0" mb="2" cb="0"/><line nr="1431" mi="5" ci="0" mb="0" cb="0"/><line nr="1433" mi="1" ci="0" mb="0" cb="0"/><line nr="1434" mi="3" ci="0" mb="0" cb="0"/><line nr="1445" mi="2" ci="0" mb="0" cb="0"/><line nr="1446" mi="2" ci="0" mb="0" cb="0"/><line nr="1447" mi="2" ci="0" mb="0" cb="0"/><line nr="1448" mi="10" ci="0" mb="2" cb="0"/><line nr="1449" mi="4" ci="0" mb="4" cb="0"/><line nr="1451" mi="6" ci="0" mb="0" cb="0"/><line nr="1452" mi="1" ci="0" mb="0" cb="0"/><line nr="1454" mi="6" ci="0" mb="0" cb="0"/><line nr="1455" mi="1" ci="0" mb="0" cb="0"/><line nr="1458" mi="6" ci="0" mb="0" cb="0"/><line nr="1459" mi="2" ci="0" mb="0" cb="0"/><line nr="1460" mi="2" ci="0" mb="0" cb="0"/><line nr="1463" mi="1" ci="0" mb="0" cb="0"/><line nr="1464" mi="6" ci="0" mb="0" cb="0"/><line nr="1465" mi="2" ci="0" mb="0" cb="0"/><line nr="1478" mi="4" ci="0" mb="0" cb="0"/><line nr="1479" mi="10" ci="0" mb="2" cb="0"/><line nr="1480" mi="4" ci="0" mb="4" cb="0"/><line nr="1482" mi="11" ci="0" mb="0" cb="0"/><line nr="1483" mi="3" ci="0" mb="0" cb="0"/><line nr="1484" mi="1" ci="0" mb="0" cb="0"/><line nr="1486" mi="10" ci="0" mb="0" cb="0"/><line nr="1487" mi="1" ci="0" mb="0" cb="0"/><line nr="1489" mi="10" ci="0" mb="0" cb="0"/><line nr="1492" mi="1" ci="0" mb="0" cb="0"/><line nr="1493" mi="3" ci="0" mb="0" cb="0"/><line nr="1494" mi="3" ci="0" mb="2" cb="0"/><line nr="1496" mi="8" ci="0" mb="0" cb="0"/><line nr="1497" mi="3" ci="0" mb="0" cb="0"/><line nr="1499" mi="2" ci="0" mb="0" cb="0"/><line nr="1511" mi="4" ci="0" mb="0" cb="0"/><line nr="1512" mi="2" ci="0" mb="0" cb="0"/><line nr="1513" mi="4" ci="0" mb="0" cb="0"/><line nr="1515" mi="16" ci="0" mb="2" cb="0"/><line nr="1516" mi="3" ci="0" mb="2" cb="0"/><line nr="1518" mi="1" ci="0" mb="0" cb="0"/><line nr="1522" mi="4" ci="0" mb="0" cb="0"/><line nr="1523" mi="4" ci="0" mb="3" cb="0"/><line nr="1526" mi="5" ci="0" mb="0" cb="0"/><line nr="1528" mi="4" ci="0" mb="0" cb="0"/><line nr="1529" mi="1" ci="0" mb="0" cb="0"/><line nr="1531" mi="7" ci="0" mb="0" cb="0"/><line nr="1533" mi="1" ci="0" mb="0" cb="0"/><line nr="1534" mi="8" ci="0" mb="0" cb="0"/><line nr="1535" mi="1" ci="0" mb="0" cb="0"/><line nr="1541" mi="3" ci="0" mb="0" cb="0"/><line nr="1542" mi="1" ci="0" mb="0" cb="0"/><line nr="1543" mi="7" ci="0" mb="0" cb="0"/><line nr="1545" mi="1" ci="0" mb="0" cb="0"/><line nr="1546" mi="2" ci="0" mb="2" cb="0"/><line nr="1547" mi="6" ci="0" mb="0" cb="0"/><line nr="1552" mi="2" ci="0" mb="0" cb="0"/><line nr="1553" mi="4" ci="0" mb="0" cb="0"/><line nr="1554" mi="2" ci="0" mb="0" cb="0"/><line nr="1555" mi="5" ci="0" mb="0" cb="0"/><line nr="1556" mi="1" ci="0" mb="0" cb="0"/><line nr="1557" mi="4" ci="0" mb="0" cb="0"/><line nr="1558" mi="5" ci="0" mb="0" cb="0"/><line nr="1560" mi="1" ci="0" mb="0" cb="0"/><line nr="1561" mi="5" ci="0" mb="2" cb="0"/><line nr="1562" mi="9" ci="0" mb="0" cb="0"/><line nr="1564" mi="8" ci="0" mb="0" cb="0"/><line nr="1566" mi="1" ci="0" mb="0" cb="0"/><line nr="1569" mi="4" ci="0" mb="0" cb="0"/><line nr="1570" mi="4" ci="0" mb="0" cb="0"/><line nr="1573" mi="4" ci="0" mb="2" cb="0"/><line nr="1574" mi="4" ci="0" mb="0" cb="0"/><line nr="1575" mi="4" ci="0" mb="0" cb="0"/><line nr="1577" mi="2" ci="0" mb="0" cb="0"/><line nr="1594" mi="4" ci="0" mb="4" cb="0"/><line nr="1595" mi="5" ci="0" mb="0" cb="0"/><line nr="1598" mi="7" ci="0" mb="0" cb="0"/><line nr="1599" mi="4" ci="0" mb="2" cb="0"/><line nr="1601" mi="2" ci="0" mb="0" cb="0"/><line nr="1602" mi="3" ci="0" mb="2" cb="0"/><line nr="1604" mi="2" ci="0" mb="0" cb="0"/><line nr="1605" mi="11" ci="0" mb="2" cb="0"/><line nr="1606" mi="6" ci="0" mb="2" cb="0"/><line nr="1608" mi="2" ci="0" mb="0" cb="0"/><line nr="1611" mi="6" ci="0" mb="0" cb="0"/><line nr="1626" mi="4" ci="0" mb="0" cb="0"/><line nr="1629" mi="2" ci="0" mb="0" cb="0"/><line nr="1631" mi="5" ci="0" mb="0" cb="0"/><line nr="1632" mi="3" ci="0" mb="2" cb="0"/><line nr="1633" mi="9" ci="0" mb="0" cb="0"/><line nr="1636" mi="8" ci="0" mb="0" cb="0"/><line nr="1637" mi="3" ci="0" mb="2" cb="0"/><line nr="1638" mi="9" ci="0" mb="0" cb="0"/><line nr="1644" mi="7" ci="0" mb="0" cb="0"/><line nr="1645" mi="2" ci="0" mb="0" cb="0"/><line nr="1649" mi="6" ci="0" mb="0" cb="0"/><line nr="1651" mi="3" ci="0" mb="0" cb="0"/><line nr="1652" mi="8" ci="0" mb="2" cb="0"/><line nr="1657" mi="2" ci="0" mb="0" cb="0"/><line nr="1658" mi="2" ci="0" mb="0" cb="0"/><line nr="1659" mi="3" ci="0" mb="2" cb="0"/><line nr="1660" mi="11" ci="0" mb="2" cb="0"/><line nr="1662" mi="3" ci="0" mb="0" cb="0"/><line nr="1664" mi="2" ci="0" mb="0" cb="0"/><line nr="1666" mi="9" ci="0" mb="0" cb="0"/><line nr="1669" mi="2" ci="0" mb="0" cb="0"/><line nr="1670" mi="8" ci="0" mb="0" cb="0"/><line nr="1671" mi="10" ci="0" mb="0" cb="0"/><line nr="1673" mi="5" ci="0" mb="0" cb="0"/><line nr="1674" mi="10" ci="0" mb="0" cb="0"/><line nr="1675" mi="7" ci="0" mb="2" cb="0"/><line nr="1678" mi="15" ci="0" mb="4" cb="0"/><line nr="1680" mi="3" ci="0" mb="0" cb="0"/><line nr="1682" mi="11" ci="0" mb="0" cb="0"/><line nr="1684" mi="2" ci="0" mb="2" cb="0"/><line nr="1686" mi="15" ci="0" mb="0" cb="0"/><line nr="1689" mi="34" ci="0" mb="0" cb="0"/><line nr="1693" mi="6" ci="0" mb="2" cb="0"/><line nr="1694" mi="9" ci="0" mb="0" cb="0"/><line nr="1697" mi="4" ci="0" mb="2" cb="0"/><line nr="1699" mi="2" ci="0" mb="0" cb="0"/><line nr="1700" mi="4" ci="0" mb="0" cb="0"/><line nr="1701" mi="3" ci="0" mb="2" cb="0"/><line nr="1703" mi="8" ci="0" mb="0" cb="0"/><line nr="1711" mi="11" ci="0" mb="2" cb="0"/><line nr="1713" mi="1" ci="0" mb="0" cb="0"/><line nr="1715" mi="2" ci="0" mb="0" cb="0"/><line nr="1717" mi="2" ci="0" mb="0" cb="0"/><line nr="1730" mi="7" ci="0" mb="0" cb="0"/><line nr="1731" mi="5" ci="0" mb="0" cb="0"/><line nr="1732" mi="8" ci="0" mb="0" cb="0"/><line nr="1742" mi="4" ci="0" mb="0" cb="0"/><line nr="1743" mi="3" ci="0" mb="0" cb="0"/><line nr="1744" mi="16" ci="0" mb="2" cb="0"/><line nr="1745" mi="7" ci="0" mb="0" cb="0"/><line nr="1747" mi="2" ci="0" mb="0" cb="0"/><line nr="1748" mi="16" ci="0" mb="2" cb="0"/><line nr="1749" mi="21" ci="0" mb="0" cb="0"/><line nr="1750" mi="1" ci="0" mb="0" cb="0"/><line nr="1752" mi="2" ci="0" mb="0" cb="0"/><line nr="1766" mi="3" ci="0" mb="2" cb="0"/><line nr="1767" mi="1" ci="0" mb="0" cb="0"/><line nr="1769" mi="10" ci="0" mb="0" cb="0"/><line nr="1770" mi="2" ci="0" mb="0" cb="0"/><line nr="1774" mi="8" ci="0" mb="2" cb="0"/><line nr="1775" mi="3" ci="0" mb="2" cb="0"/><line nr="1776" mi="1" ci="0" mb="0" cb="0"/><line nr="1777" mi="11" ci="0" mb="0" cb="0"/><line nr="1778" mi="9" ci="0" mb="0" cb="0"/><line nr="1781" mi="1" ci="0" mb="0" cb="0"/><line nr="1784" mi="10" ci="0" mb="0" cb="0"/><line nr="1785" mi="1" ci="0" mb="0" cb="0"/><line nr="1786" mi="3" ci="0" mb="2" cb="0"/><line nr="1787" mi="8" ci="0" mb="0" cb="0"/><line nr="1790" mi="9" ci="0" mb="0" cb="0"/><line nr="1791" mi="9" ci="0" mb="0" cb="0"/><line nr="1792" mi="3" ci="0" mb="2" cb="0"/><line nr="1793" mi="8" ci="0" mb="0" cb="0"/><line nr="1797" mi="7" ci="0" mb="0" cb="0"/><line nr="1798" mi="7" ci="0" mb="0" cb="0"/><line nr="1800" mi="10" ci="0" mb="0" cb="0"/><line nr="1801" mi="11" ci="0" mb="0" cb="0"/><line nr="1802" mi="1" ci="0" mb="0" cb="0"/><line nr="1813" mi="4" ci="0" mb="4" cb="0"/><line nr="1814" mi="5" ci="0" mb="0" cb="0"/><line nr="1817" mi="6" ci="0" mb="0" cb="0"/><line nr="1818" mi="4" ci="0" mb="2" cb="0"/><line nr="1819" mi="3" ci="0" mb="0" cb="0"/><line nr="1820" mi="3" ci="0" mb="0" cb="0"/><line nr="1822" mi="5" ci="0" mb="0" cb="0"/><line nr="1833" mi="2" ci="0" mb="2" cb="0"/><line nr="1834" mi="5" ci="0" mb="0" cb="0"/><line nr="1837" mi="4" ci="0" mb="0" cb="0"/><line nr="1838" mi="5" ci="0" mb="0" cb="0"/><line nr="1850" mi="4" ci="0" mb="4" cb="0"/><line nr="1851" mi="5" ci="0" mb="0" cb="0"/><line nr="1854" mi="4" ci="0" mb="0" cb="0"/><line nr="1855" mi="3" ci="0" mb="2" cb="0"/><line nr="1856" mi="2" ci="0" mb="0" cb="0"/><line nr="1858" mi="4" ci="0" mb="0" cb="0"/><line nr="1859" mi="2" ci="0" mb="0" cb="0"/><line nr="1860" mi="2" ci="0" mb="0" cb="0"/><line nr="1864" mi="2" ci="0" mb="0" cb="0"/><line nr="1865" mi="2" ci="0" mb="0" cb="0"/><line nr="1867" mi="10" ci="0" mb="2" cb="0"/><line nr="1868" mi="8" ci="0" mb="4" cb="0"/><line nr="1870" mi="3" ci="0" mb="0" cb="0"/><line nr="1871" mi="3" ci="0" mb="0" cb="0"/><line nr="1874" mi="4" ci="0" mb="4" cb="0"/><line nr="1876" mi="5" ci="0" mb="0" cb="0"/><line nr="1877" mi="9" ci="0" mb="0" cb="0"/><line nr="1878" mi="5" ci="0" mb="0" cb="0"/><line nr="1879" mi="6" ci="0" mb="0" cb="0"/><line nr="1880" mi="1" ci="0" mb="0" cb="0"/><line nr="1882" mi="8" ci="0" mb="0" cb="0"/><line nr="1883" mi="5" ci="0" mb="0" cb="0"/><line nr="1884" mi="7" ci="0" mb="0" cb="0"/><line nr="1885" mi="6" ci="0" mb="0" cb="0"/><line nr="1886" mi="1" ci="0" mb="0" cb="0"/><line nr="1888" mi="1" ci="0" mb="0" cb="0"/><line nr="1889" mi="5" ci="0" mb="2" cb="0"/><line nr="1890" mi="7" ci="0" mb="4" cb="0"/><line nr="1893" mi="5" ci="0" mb="0" cb="0"/><line nr="1894" mi="8" ci="0" mb="0" cb="0"/><line nr="1895" mi="9" ci="0" mb="0" cb="0"/><line nr="1898" mi="1" ci="0" mb="0" cb="0"/><line nr="1899" mi="5" ci="0" mb="2" cb="0"/><line nr="1900" mi="3" ci="0" mb="2" cb="0"/><line nr="1903" mi="4" ci="0" mb="0" cb="0"/><line nr="1904" mi="4" ci="0" mb="0" cb="0"/><line nr="1905" mi="4" ci="0" mb="0" cb="0"/><line nr="1910" mi="2" ci="0" mb="0" cb="0"/><line nr="1911" mi="2" ci="0" mb="0" cb="0"/><line nr="1917" mi="4" ci="0" mb="2" cb="0"/><line nr="1918" mi="6" ci="0" mb="0" cb="0"/><line nr="1920" mi="4" ci="0" mb="2" cb="0"/><line nr="1921" mi="6" ci="0" mb="0" cb="0"/><line nr="1923" mi="1" ci="0" mb="0" cb="0"/><line nr="1925" mi="4" ci="0" mb="2" cb="0"/><line nr="1926" mi="4" ci="0" mb="0" cb="0"/><line nr="1927" mi="4" ci="0" mb="0" cb="0"/><line nr="1930" mi="2" ci="0" mb="0" cb="0"/><line nr="1940" mi="4" ci="0" mb="0" cb="0"/><line nr="1941" mi="10" ci="0" mb="2" cb="0"/><line nr="1942" mi="4" ci="0" mb="0" cb="0"/><line nr="1943" mi="11" ci="0" mb="2" cb="0"/><line nr="1944" mi="8" ci="0" mb="0" cb="0"/><line nr="1945" mi="5" ci="0" mb="0" cb="0"/><line nr="1946" mi="1" ci="0" mb="0" cb="0"/><line nr="1947" mi="4" ci="0" mb="0" cb="0"/><line nr="1948" mi="4" ci="0" mb="0" cb="0"/><line nr="1949" mi="4" ci="0" mb="0" cb="0"/><line nr="1950" mi="5" ci="0" mb="0" cb="0"/><line nr="1951" mi="4" ci="0" mb="0" cb="0"/><line nr="1952" mi="1" ci="0" mb="0" cb="0"/><line nr="1953" mi="2" ci="0" mb="0" cb="0"/><line nr="1966" mi="3" ci="0" mb="2" cb="0"/><line nr="1967" mi="12" ci="0" mb="0" cb="0"/><line nr="1971" mi="4" ci="0" mb="0" cb="0"/><line nr="1973" mi="4" ci="0" mb="0" cb="0"/><line nr="1974" mi="5" ci="0" mb="0" cb="0"/><line nr="1975" mi="3" ci="0" mb="0" cb="0"/><line nr="1977" mi="2" ci="0" mb="0" cb="0"/><line nr="1982" mi="2" ci="0" mb="0" cb="0"/><line nr="1983" mi="4" ci="0" mb="0" cb="0"/><line nr="1984" mi="10" ci="0" mb="2" cb="0"/><line nr="1986" mi="5" ci="0" mb="0" cb="0"/><line nr="1987" mi="5" ci="0" mb="0" cb="0"/><line nr="1989" mi="2" ci="0" mb="0" cb="0"/><line nr="1991" mi="4" ci="0" mb="2" cb="0"/><line nr="1994" mi="7" ci="0" mb="0" cb="0"/><line nr="1995" mi="2" ci="0" mb="0" cb="0"/><line nr="1996" mi="3" ci="0" mb="2" cb="0"/><line nr="1997" mi="6" ci="0" mb="0" cb="0"/><line nr="1998" mi="6" ci="0" mb="0" cb="0"/><line nr="1999" mi="4" ci="0" mb="0" cb="0"/><line nr="2000" mi="6" ci="0" mb="4" cb="0"/><line nr="2002" mi="3" ci="0" mb="0" cb="0"/><line nr="2006" mi="6" ci="0" mb="0" cb="0"/><line nr="2009" mi="3" ci="0" mb="2" cb="0"/><line nr="2011" mi="4" ci="0" mb="0" cb="0"/><line nr="2013" mi="9" ci="0" mb="0" cb="0"/><line nr="2016" mi="4" ci="0" mb="0" cb="0"/><line nr="2017" mi="4" ci="0" mb="0" cb="0"/><line nr="2019" mi="3" ci="0" mb="2" cb="0"/><line nr="2020" mi="7" ci="0" mb="0" cb="0"/><line nr="2021" mi="5" ci="0" mb="0" cb="0"/><line nr="2023" mi="8" ci="0" mb="0" cb="0"/><line nr="2024" mi="2" ci="0" mb="0" cb="0"/><line nr="2027" mi="4" ci="0" mb="2" cb="0"/><line nr="2029" mi="11" ci="0" mb="0" cb="0"/><line nr="2030" mi="6" ci="0" mb="0" cb="0"/><line nr="2034" mi="6" ci="0" mb="0" cb="0"/><line nr="2035" mi="6" ci="0" mb="2" cb="0"/><line nr="2036" mi="9" ci="0" mb="2" cb="0"/><line nr="2039" mi="5" ci="0" mb="0" cb="0"/><line nr="2041" mi="3" ci="0" mb="0" cb="0"/><line nr="2042" mi="2" ci="0" mb="0" cb="0"/><line nr="2043" mi="11" ci="0" mb="2" cb="0"/><line nr="2044" mi="4" ci="0" mb="2" cb="0"/><line nr="2045" mi="5" ci="0" mb="0" cb="0"/><line nr="2046" mi="4" ci="0" mb="2" cb="0"/><line nr="2048" mi="12" ci="0" mb="0" cb="0"/><line nr="2049" mi="4" ci="0" mb="0" cb="0"/><line nr="2050" mi="4" ci="0" mb="2" cb="0"/><line nr="2052" mi="12" ci="0" mb="0" cb="0"/><line nr="2053" mi="5" ci="0" mb="0" cb="0"/><line nr="2054" mi="3" ci="0" mb="0" cb="0"/><line nr="2057" mi="4" ci="0" mb="2" cb="0"/><line nr="2058" mi="6" ci="0" mb="0" cb="0"/><line nr="2060" mi="1" ci="0" mb="0" cb="0"/><line nr="2064" mi="1" ci="0" mb="0" cb="0"/><line nr="2065" mi="1" ci="0" mb="0" cb="0"/><line nr="2067" mi="8" ci="0" mb="0" cb="0"/><line nr="2068" mi="2" ci="0" mb="0" cb="0"/><line nr="2069" mi="11" ci="0" mb="0" cb="0"/><line nr="2080" mi="2" ci="0" mb="0" cb="0"/><line nr="2081" mi="4" ci="0" mb="0" cb="0"/><line nr="2082" mi="11" ci="0" mb="2" cb="0"/><line nr="2083" mi="5" ci="0" mb="0" cb="0"/><line nr="2087" mi="10" ci="0" mb="2" cb="0"/><line nr="2088" mi="6" ci="0" mb="0" cb="0"/><line nr="2089" mi="6" ci="0" mb="0" cb="0"/><line nr="2090" mi="1" ci="0" mb="0" cb="0"/><line nr="2093" mi="4" ci="0" mb="0" cb="0"/><line nr="2094" mi="3" ci="0" mb="0" cb="0"/><line nr="2095" mi="9" ci="0" mb="4" cb="0"/><line nr="2097" mi="8" ci="0" mb="0" cb="0"/><line nr="2098" mi="6" ci="0" mb="0" cb="0"/><line nr="2099" mi="6" ci="0" mb="0" cb="0"/><line nr="2100" mi="6" ci="0" mb="0" cb="0"/><line nr="2101" mi="8" ci="0" mb="0" cb="0"/><line nr="2102" mi="7" ci="0" mb="2" cb="0"/><line nr="2104" mi="4" ci="0" mb="0" cb="0"/><line nr="2105" mi="6" ci="0" mb="0" cb="0"/><line nr="2106" mi="8" ci="0" mb="0" cb="0"/><line nr="2107" mi="2" ci="0" mb="0" cb="0"/><line nr="2108" mi="6" ci="0" mb="0" cb="0"/><line nr="2109" mi="6" ci="0" mb="0" cb="0"/><line nr="2110" mi="6" ci="0" mb="0" cb="0"/><line nr="2111" mi="7" ci="0" mb="0" cb="0"/><line nr="2115" mi="4" ci="0" mb="0" cb="0"/><line nr="2116" mi="3" ci="0" mb="0" cb="0"/><line nr="2117" mi="9" ci="0" mb="4" cb="0"/><line nr="2119" mi="8" ci="0" mb="0" cb="0"/><line nr="2120" mi="6" ci="0" mb="0" cb="0"/><line nr="2121" mi="8" ci="0" mb="0" cb="0"/><line nr="2122" mi="7" ci="0" mb="2" cb="0"/><line nr="2124" mi="4" ci="0" mb="0" cb="0"/><line nr="2125" mi="6" ci="0" mb="0" cb="0"/><line nr="2126" mi="9" ci="0" mb="0" cb="0"/><line nr="2127" mi="6" ci="0" mb="0" cb="0"/><line nr="2128" mi="7" ci="0" mb="0" cb="0"/><line nr="2131" mi="3" ci="0" mb="0" cb="0"/><line nr="2142" mi="2" ci="0" mb="0" cb="0"/><line nr="2151" mi="3" ci="0" mb="0" cb="0"/><line nr="2152" mi="9" ci="0" mb="2" cb="0"/><line nr="2154" mi="2" ci="0" mb="2" cb="0"/><line nr="2155" mi="4" ci="0" mb="2" cb="0"/><line nr="2156" mi="9" ci="0" mb="2" cb="0"/><line nr="2157" mi="1" ci="0" mb="0" cb="0"/><line nr="2160" mi="2" ci="0" mb="0" cb="0"/><line nr="2161" mi="3" ci="0" mb="0" cb="0"/><line nr="2162" mi="3" ci="0" mb="0" cb="0"/><line nr="2163" mi="2" ci="0" mb="0" cb="0"/><line nr="2165" mi="4" ci="0" mb="2" cb="0"/><line nr="2167" mi="4" ci="0" mb="0" cb="0"/><line nr="2168" mi="2" ci="0" mb="0" cb="0"/><line nr="2169" mi="6" ci="0" mb="0" cb="0"/><line nr="2170" mi="6" ci="0" mb="0" cb="0"/><line nr="2171" mi="3" ci="0" mb="2" cb="0"/><line nr="2172" mi="6" ci="0" mb="0" cb="0"/><line nr="2173" mi="9" ci="0" mb="0" cb="0"/><line nr="2175" mi="5" ci="0" mb="2" cb="0"/><line nr="2176" mi="5" ci="0" mb="2" cb="0"/><line nr="2177" mi="6" ci="0" mb="0" cb="0"/><line nr="2178" mi="6" ci="0" mb="0" cb="0"/><line nr="2180" mi="3" ci="0" mb="2" cb="0"/><line nr="2182" mi="8" ci="0" mb="0" cb="0"/><line nr="2183" mi="5" ci="0" mb="0" cb="0"/><line nr="2184" mi="7" ci="0" mb="0" cb="0"/><line nr="2185" mi="3" ci="0" mb="0" cb="0"/><line nr="2186" mi="9" ci="0" mb="4" cb="0"/><line nr="2187" mi="7" ci="0" mb="2" cb="0"/><line nr="2188" mi="5" ci="0" mb="2" cb="0"/><line nr="2190" mi="7" ci="0" mb="0" cb="0"/><line nr="2191" mi="5" ci="0" mb="0" cb="0"/><line nr="2192" mi="2" ci="0" mb="0" cb="0"/><line nr="2193" mi="9" ci="0" mb="0" cb="0"/><line nr="2194" mi="5" ci="0" mb="0" cb="0"/><line nr="2197" mi="9" ci="0" mb="0" cb="0"/><line nr="2198" mi="4" ci="0" mb="0" cb="0"/><line nr="2199" mi="7" ci="0" mb="0" cb="0"/><line nr="2200" mi="5" ci="0" mb="0" cb="0"/><line nr="2201" mi="3" ci="0" mb="2" cb="0"/><line nr="2202" mi="8" ci="0" mb="0" cb="0"/><line nr="2203" mi="6" ci="0" mb="0" cb="0"/><line nr="2205" mi="2" ci="0" mb="0" cb="0"/><line nr="2207" mi="9" ci="0" mb="0" cb="0"/><line nr="2208" mi="8" ci="0" mb="2" cb="0"/><line nr="2209" mi="5" ci="0" mb="0" cb="0"/><line nr="2211" mi="12" ci="0" mb="0" cb="0"/><line nr="2212" mi="2" ci="0" mb="0" cb="0"/><line nr="2217" mi="5" ci="0" mb="0" cb="0"/><line nr="2218" mi="9" ci="0" mb="0" cb="0"/><line nr="2221" mi="7" ci="0" mb="2" cb="0"/><line nr="2222" mi="9" ci="0" mb="0" cb="0"/><line nr="2224" mi="5" ci="0" mb="0" cb="0"/><line nr="2227" mi="3" ci="0" mb="2" cb="0"/><line nr="2228" mi="7" ci="0" mb="0" cb="0"/><line nr="2229" mi="8" ci="0" mb="0" cb="0"/><line nr="2230" mi="5" ci="0" mb="2" cb="0"/><line nr="2231" mi="6" ci="0" mb="2" cb="0"/><line nr="2232" mi="13" ci="0" mb="0" cb="0"/><line nr="2234" mi="9" ci="0" mb="0" cb="0"/><line nr="2238" mi="2" ci="0" mb="2" cb="0"/><line nr="2239" mi="4" ci="0" mb="0" cb="0"/><line nr="2242" mi="10" ci="0" mb="2" cb="0"/><line nr="2244" mi="1" ci="0" mb="0" cb="0"/><line nr="2253" mi="4" ci="0" mb="0" cb="0"/><line nr="2254" mi="10" ci="0" mb="2" cb="0"/><line nr="2255" mi="4" ci="0" mb="0" cb="0"/><line nr="2256" mi="1" ci="0" mb="0" cb="0"/><line nr="2257" mi="3" ci="0" mb="0" cb="0"/><line nr="2268" mi="4" ci="0" mb="0" cb="0"/><line nr="2269" mi="3" ci="0" mb="2" cb="0"/><line nr="2270" mi="2" ci="0" mb="0" cb="0"/><line nr="2272" mi="5" ci="0" mb="0" cb="0"/><line nr="2273" mi="5" ci="0" mb="0" cb="0"/><line nr="2275" mi="3" ci="0" mb="0" cb="0"/><line nr="2279" mi="3" ci="0" mb="2" cb="0"/><line nr="2281" mi="6" ci="0" mb="0" cb="0"/><line nr="2282" mi="3" ci="0" mb="2" cb="0"/><line nr="2283" mi="3" ci="0" mb="0" cb="0"/><line nr="2284" mi="5" ci="0" mb="0" cb="0"/><line nr="2286" mi="4" ci="0" mb="0" cb="0"/><line nr="2287" mi="4" ci="0" mb="0" cb="0"/><line nr="2288" mi="6" ci="0" mb="0" cb="0"/><line nr="2289" mi="5" ci="0" mb="2" cb="0"/><line nr="2290" mi="6" ci="0" mb="0" cb="0"/><line nr="2291" mi="4" ci="0" mb="0" cb="0"/><line nr="2292" mi="6" ci="0" mb="2" cb="0"/><line nr="2293" mi="4" ci="0" mb="0" cb="0"/><line nr="2295" mi="6" ci="0" mb="0" cb="0"/><line nr="2296" mi="6" ci="0" mb="0" cb="0"/><line nr="2299" mi="6" ci="0" mb="0" cb="0"/><line nr="2300" mi="5" ci="0" mb="2" cb="0"/><line nr="2301" mi="6" ci="0" mb="0" cb="0"/><line nr="2302" mi="5" ci="0" mb="0" cb="0"/><line nr="2303" mi="6" ci="0" mb="2" cb="0"/><line nr="2304" mi="5" ci="0" mb="0" cb="0"/><line nr="2306" mi="6" ci="0" mb="0" cb="0"/><line nr="2307" mi="7" ci="0" mb="0" cb="0"/><line nr="2309" mi="3" ci="0" mb="0" cb="0"/><line nr="2311" mi="3" ci="0" mb="2" cb="0"/><line nr="2314" mi="6" ci="0" mb="0" cb="0"/><line nr="2315" mi="1" ci="0" mb="0" cb="0"/><line nr="2317" mi="4" ci="0" mb="0" cb="0"/><line nr="2320" mi="3" ci="0" mb="0" cb="0"/><line nr="2321" mi="1" ci="0" mb="0" cb="0"/><line nr="2322" mi="1" ci="0" mb="0" cb="0"/><line nr="2324" mi="6" ci="0" mb="0" cb="0"/><line nr="2325" mi="5" ci="0" mb="0" cb="0"/><line nr="2327" mi="4" ci="0" mb="0" cb="0"/><line nr="2328" mi="1" ci="0" mb="0" cb="0"/><line nr="2330" mi="7" ci="0" mb="0" cb="0"/><line nr="2332" mi="1" ci="0" mb="0" cb="0"/><line nr="2334" mi="3" ci="0" mb="2" cb="0"/><line nr="2336" mi="10" ci="0" mb="0" cb="0"/><line nr="2337" mi="3" ci="0" mb="2" cb="0"/><line nr="2339" mi="10" ci="0" mb="0" cb="0"/><line nr="2340" mi="3" ci="0" mb="2" cb="0"/><line nr="2342" mi="10" ci="0" mb="0" cb="0"/><line nr="2343" mi="3" ci="0" mb="2" cb="0"/><line nr="2345" mi="1" ci="0" mb="0" cb="0"/><line nr="2348" mi="7" ci="0" mb="0" cb="0"/><line nr="2351" mi="4" ci="0" mb="0" cb="0"/><line nr="2354" mi="2" ci="0" mb="0" cb="0"/><counter type="INSTRUCTION" missed="3155" covered="2161"/><counter type="BRANCH" missed="397" covered="290"/><counter type="LINE" missed="647" covered="471"/><counter type="COMPLEXITY" missed="244" covered="151"/><counter type="METHOD" missed="23" covered="22"/><counter type="CLASS" missed="0" covered="3"/></sourcefile><sourcefile name="Patch.java"><line nr="21" mi="2" ci="0" mb="0" cb="0"/><line nr="22" mi="5" ci="0" mb="0" cb="0"/><line nr="23" mi="1" ci="0" mb="0" cb="0"/><line nr="37" mi="3" ci="0" mb="2" cb="0"/><line nr="38" mi="5" ci="0" mb="0" cb="0"/><line nr="39" mi="4" ci="0" mb="2" cb="0"/><line nr="40" mi="7" ci="0" mb="0" cb="0"/><line nr="42" mi="8" ci="0" mb="0" cb="0"/><line nr="45" mi="3" ci="0" mb="2" cb="0"/><line nr="46" mi="5" ci="0" mb="0" cb="0"/><line nr="47" mi="4" ci="0" mb="2" cb="0"/><line nr="48" mi="7" ci="0" mb="0" cb="0"/><line nr="50" mi="8" ci="0" mb="0" cb="0"/><line nr="53" mi="4" ci="0" mb="0" cb="0"/><line nr="54" mi="10" ci="0" mb="0" cb="0"/><line nr="55" mi="2" ci="0" mb="0" cb="0"/><line nr="58" mi="11" ci="0" mb="2" cb="0"/><line nr="59" mi="6" ci="0" mb="4" cb="0"/><line nr="61" mi="4" ci="0" mb="0" cb="0"/><line nr="62" mi="1" ci="0" mb="0" cb="0"/><line nr="64" mi="4" ci="0" mb="0" cb="0"/><line nr="65" mi="1" ci="0" mb="0" cb="0"/><line nr="67" mi="4" ci="0" mb="0" cb="0"/><line nr="70" mi="10" ci="0" mb="0" cb="0"/><line nr="71" mi="2" ci="0" mb="0" cb="0"/><line nr="72" mi="1" ci="0" mb="0" cb="0"/><line nr="74" mi="4" ci="0" mb="0" cb="0"/><line nr="91" mi="10" ci="0" mb="0" cb="0"/><line nr="92" mi="9" ci="0" mb="0" cb="0"/><line nr="93" mi="9" ci="0" mb="0" cb="0"/><line nr="94" mi="9" ci="0" mb="0" cb="0"/><line nr="95" mi="9" ci="0" mb="0" cb="0"/><line nr="96" mi="4" ci="0" mb="0" cb="0"/><line nr="102" mi="3" ci="0" mb="0" cb="0"/><line nr="106" mi="3" ci="0" mb="0" cb="0"/><line nr="110" mi="3" ci="0" mb="0" cb="0"/><line nr="111" mi="1" ci="0" mb="0" cb="0"/><line nr="114" mi="3" ci="0" mb="0" cb="0"/><line nr="118" mi="3" ci="0" mb="0" cb="0"/><line nr="119" mi="1" ci="0" mb="0" cb="0"/><line nr="122" mi="3" ci="0" mb="0" cb="0"/><line nr="126" mi="3" ci="0" mb="0" cb="0"/><line nr="127" mi="1" ci="0" mb="0" cb="0"/><line nr="130" mi="3" ci="0" mb="0" cb="0"/><line nr="134" mi="3" ci="0" mb="0" cb="0"/><line nr="135" mi="2" ci="0" mb="0" cb="0"/><counter type="INSTRUCTION" missed="208" covered="0"/><counter type="BRANCH" missed="14" covered="0"/><counter type="LINE" missed="46" covered="0"/><counter type="COMPLEXITY" missed="20" covered="0"/><counter type="METHOD" missed="12" covered="0"/><counter type="CLASS" missed="1" covered="0"/></sourcefile><sourcefile name="Diff.java"><line nr="25" mi="0" ci="2" mb="0" cb="0"/><line nr="28" mi="0" ci="3" mb="0" cb="0"/><line nr="29" mi="0" ci="3" mb="0" cb="0"/><line nr="30" mi="0" ci="1" mb="0" cb="0"/><line nr="39" mi="0" ci="6" mb="0" cb="0"/><line nr="40" mi="0" ci="6" mb="0" cb="0"/><line nr="51" mi="0" ci="2" mb="0" cb="0"/><line nr="52" mi="2" ci="7" mb="1" cb="1"/><line nr="53" mi="2" ci="11" mb="1" cb="1"/><line nr="54" mi="0" ci="2" mb="0" cb="0"/><line nr="65" mi="0" ci="3" mb="0" cb="2"/><line nr="66" mi="0" ci="2" mb="0" cb="0"/><line nr="68" mi="0" ci="2" mb="1" cb="1"/><line nr="69" mi="2" ci="0" mb="0" cb="0"/><line nr="71" mi="0" ci="5" mb="1" cb="1"/><line nr="72" mi="2" ci="0" mb="0" cb="0"/><line nr="75" mi="0" ci="3" mb="0" cb="0"/><line nr="76" mi="0" ci="5" mb="0" cb="2"/><line nr="77" mi="0" ci="2" mb="0" cb="0"/><line nr="80" mi="0" ci="3" mb="1" cb="1"/><line nr="81" mi="7" ci="0" mb="2" cb="0"/><line nr="83" mi="0" ci="6" mb="0" cb="0"/><line nr="89" mi="10" ci="0" mb="2" cb="0"/><line nr="96" mi="0" ci="3" mb="0" cb="0"/><line nr="100" mi="3" ci="0" mb="0" cb="0"/><line nr="101" mi="1" ci="0" mb="0" cb="0"/><line nr="104" mi="0" ci="3" mb="0" cb="0"/><line nr="108" mi="0" ci="3" mb="0" cb="0"/><line nr="109" mi="0" ci="1" mb="0" cb="0"/><counter type="INSTRUCTION" missed="29" covered="84"/><counter type="BRANCH" missed="9" covered="9"/><counter type="LINE" missed="6" covered="23"/><counter type="COMPLEXITY" missed="9" covered="9"/><counter type="METHOD" missed="2" covered="7"/><counter type="CLASS" missed="0" covered="1"/></sourcefile><counter type="INSTRUCTION" missed="3392" covered="2245"/><counter type="BRANCH" missed="420" covered="299"/><counter type="LINE" missed="699" covered="494"/><counter type="COMPLEXITY" missed="273" covered="160"/><counter type="METHOD" missed="37" covered="29"/><counter type="CLASS" missed="1" covered="4"/></package><package name="com/jsql/model/bean/util"><class name="com/jsql/model/bean/util/Header" sourcefilename="Header.java"><method name="&lt;clinit&gt;" desc="()V" line="3"><counter type="INSTRUCTION" missed="0" covered="75"/><counter type="LINE" missed="0" covered="13"/><counter type="COMPLEXITY" missed="0" covered="1"/><counter type="METHOD" missed="0" covered="1"/></method><counter type="INSTRUCTION" missed="0" covered="75"/><counter type="LINE" missed="0" covered="13"/><counter type="COMPLEXITY" missed="0" covered="1"/><counter type="METHOD" missed="0" covered="1"/><counter type="CLASS" missed="0" covered="1"/></class><class name="com/jsql/model/bean/util/Request" sourcefilename="Request.java"><method name="&lt;init&gt;" desc="()V" line="17"><counter type="INSTRUCTION" missed="0" covered="3"/><counter type="LINE" missed="0" covered="1"/><counter type="COMPLEXITY" missed="0" covered="1"/><counter type="METHOD" missed="0" covered="1"/></method><method name="getMessage" desc="()Lcom/jsql/model/bean/util/Interaction;" line="33"><counter type="INSTRUCTION" missed="0" covered="3"/><counter type="LINE" missed="0" covered="1"/><counter type="COMPLEXITY" missed="0" covered="1"/><counter type="METHOD" missed="0" covered="1"/></method><method name="getParameters" desc="()[Ljava/lang/Object;" line="37"><counter type="INSTRUCTION" missed="0" covered="3"/><counter type="LINE" missed="0" covered="1"/><counter type="COMPLEXITY" missed="0" covered="1"/><counter type="METHOD" missed="0" covered="1"/></method><method name="setMessage" desc="(Lcom/jsql/model/bean/util/Interaction;)V" line="41"><counter type="INSTRUCTION" missed="0" covered="4"/><counter type="LINE" missed="0" covered="2"/><counter type="COMPLEXITY" missed="0" covered="1"/><counter type="METHOD" missed="0" covered="1"/></method><method name="setParameters" desc="([Ljava/lang/Object;)V" line="45"><counter type="INSTRUCTION" missed="0" covered="4"/><counter type="LINE" missed="0" covered="2"/><counter type="COMPLEXITY" missed="0" covered="1"/><counter type="METHOD" missed="0" covered="1"/></
[...]
<line nr="113" mi="2" ci="0" mb="0" cb="0"/><counter type="INSTRUCTION" missed="311" covered="9"/><counter type="BRANCH" missed="4" covered="0"/><counter type="LINE" missed="33" covered="4"/><counter type="COMPLEXITY" missed="4" covered="2"/><counter type="METHOD" missed="2" covered="2"/><counter type="CLASS" missed="0" covered="1"/></sourcefile><sourcefile name="ExploitSqlite.java"><line nr="31" mi="0" ci="3" mb="0" cb="0"/><line nr="34" mi="0" ci="2" mb="0" cb="0"/><line nr="35" mi="0" ci="3" mb="0" cb="0"/><line nr="36" mi="0" ci="1" mb="0" cb="0"/><line nr="39" mi="0" ci="5" mb="0" cb="0"/><line nr="40" mi="0" ci="4" mb="0" cb="0"/><line nr="42" mi="0" ci="3" mb="0" cb="0"/><line nr="43" mi="0" ci="2" mb="0" cb="0"/><line nr="44" mi="0" ci="4" mb="0" cb="0"/><line nr="45" mi="0" ci="4" mb="0" cb="0"/><line nr="46" mi="0" ci="4" mb="0" cb="0"/><line nr="47" mi="0" ci="81" mb="0" cb="0"/><line nr="54" mi="0" ci="6" mb="0" cb="0"/><line nr="56" mi="0" ci="3" mb="0" cb="0"/><line nr="57" mi="0" ci="8" mb="0" cb="0"/><line nr="58" mi="0" ci="2" mb="0" cb="0"/><line nr="60" mi="0" ci="4" mb="1" cb="1"/><line nr="61" mi="4" ci="0" mb="0" cb="0"/><line nr="62" mi="2" ci="0" mb="0" cb="0"/><line nr="65" mi="0" ci="4" mb="0" cb="0"/><line nr="66" mi="0" ci="3" mb="0" cb="0"/><line nr="67" mi="0" ci="8" mb="0" cb="0"/><line nr="68" mi="0" ci="4" mb="0" cb="0"/><line nr="69" mi="0" ci="2" mb="0" cb="0"/><line nr="72" mi="0" ci="8" mb="0" cb="0"/><line nr="76" mi="5" ci="0" mb="0" cb="0"/><line nr="77" mi="4" ci="0" mb="0" cb="0"/><line nr="79" mi="3" ci="0" mb="0" cb="0"/><line nr="80" mi="2" ci="0" mb="0" cb="0"/><line nr="81" mi="4" ci="0" mb="0" cb="0"/><line nr="82" mi="4" ci="0" mb="0" cb="0"/><line nr="83" mi="4" ci="0" mb="0" cb="0"/><line nr="84" mi="81" ci="0" mb="0" cb="0"/><line nr="91" mi="9" ci="0" mb="0" cb="0"/><line nr="93" mi="5" ci="0" mb="0" cb="0"/><line nr="94" mi="5" ci="0" mb="0" cb="0"/><line nr="95" mi="8" ci="0" mb="0" cb="0"/><line nr="96" mi="6" ci="0" mb="2" cb="0"/><line nr="97" mi="8" ci="0" mb="0" cb="0"/><line nr="99" mi="7" ci="0" mb="0" cb="0"/><line nr="101" mi="1" ci="0" mb="0" cb="0"/><line nr="102" mi="5" ci="0" mb="0" cb="0"/><line nr="103" mi="2" ci="0" mb="0" cb="0"/><line nr="104" mi="1" ci="0" mb="0" cb="0"/><line nr="105" mi="5" ci="0" mb="0" cb="0"/><line nr="106" mi="2" ci="0" mb="0" cb="0"/><line nr="107" mi="2" ci="0" mb="0" cb="0"/><line nr="110" mi="8" ci="0" mb="0" cb="0"/><line nr="111" mi="1" ci="0" mb="0" cb="0"/><counter type="INSTRUCTION" missed="188" covered="168"/><counter type="BRANCH" missed="3" covered="1"/><counter type="LINE" missed="26" covered="23"/><counter type="COMPLEXITY" missed="4" covered="4"/><counter type="METHOD" missed="2" covered="4"/><counter type="CLASS" missed="0" covered="1"/></sourcefile><sourcefile name="ExploitPostgres.java"><line nr="35" mi="0" ci="3" mb="0" cb="0"/><line nr="37" mi="0" ci="3" mb="0" cb="0"/><line nr="39" mi="0" ci="2" mb="0" cb="0"/><line nr="40" mi="0" ci="3" mb="0" cb="0"/><line nr="41" mi="0" ci="1" mb="0" cb="0"/><line nr="44" mi="0" ci="14" mb="1" cb="1"/><line nr="45" mi="4" ci="0" mb="0" cb="0"/><line nr="48" mi="0" ci="5" mb="0" cb="0"/><line nr="49" mi="0" ci="4" mb="1" cb="1"/><line nr="50" mi="5" ci="0" mb="0" cb="0"/><line nr="52" mi="0" ci="4" mb="1" cb="1"/><line nr="53" mi="5" ci="0" mb="0" cb="0"/><line nr="55" mi="0" ci="4" mb="1" cb="1"/><line nr="56" mi="5" ci="0" mb="0" cb="0"/><line nr="58" mi="0" ci="4" mb="1" cb="1"/><line nr="59" mi="5" ci="0" mb="0" cb="0"/><line nr="61" mi="0" ci="4" mb="1" cb="1"/><line nr="62" mi="5" ci="0" mb="0" cb="0"/><line nr="64" mi="0" ci="4" mb="1" cb="1"/><line nr="65" mi="4" ci="0" mb="0" cb="0"/><line nr="66" mi="1" ci="0" mb="0" cb="0"/><line nr="69" mi="0" ci="5" mb="1" cb="1"/><line nr="70" mi="0" ci="28" mb="0" cb="0"/><line nr="77" mi="5" ci="0" mb="2" cb="0"/><line nr="78" mi="7" ci="0" mb="0" cb="0"/><line nr="82" mi="5" ci="0" mb="2" cb="0"/><line nr="83" mi="7" ci="0" mb="0" cb="0"/><line nr="87" mi="5" ci="0" mb="2" cb="0"/><line nr="88" mi="6" ci="0" mb="0" cb="0"/><line nr="89" mi="6" ci="0" mb="0" cb="0"/><line nr="90" mi="6" ci="0" mb="0" cb="0"/><line nr="94" mi="6" ci="0" mb="0" cb="0"/><line nr="95" mi="7" ci="0" mb="0" cb="0"/><line nr="96" mi="4" ci="0" mb="2" cb="0"/><line nr="97" mi="1" ci="0" mb="0" cb="0"/><line nr="101" mi="0" ci="7" mb="0" cb="0"/><line nr="105" mi="0" ci="4" mb="1" cb="1"/><line nr="106" mi="4" ci="0" mb="0" cb="0"/><line nr="107" mi="1" ci="0" mb="0" cb="0"/><line nr="110" mi="0" ci="6" mb="0" cb="0"/><line nr="112" mi="0" ci="4" mb="0" cb="0"/><line nr="113" mi="0" ci="3" mb="0" cb="0"/><line nr="114" mi="0" ci="12" mb="0" cb="0"/><line nr="115" mi="0" ci="4" mb="0" cb="0"/><line nr="116" mi="0" ci="1" mb="0" cb="0"/><line nr="119" mi="0" ci="5" mb="0" cb="0"/><line nr="120" mi="0" ci="7" mb="0" cb="0"/><line nr="121" mi="0" ci="7" mb="0" cb="0"/><line nr="125" mi="0" ci="4" mb="1" cb="1"/><line nr="126" mi="0" ci="2" mb="0" cb="0"/><line nr="128" mi="2" ci="0" mb="0" cb="0"/><line nr="134" mi="0" ci="5" mb="1" cb="1"/><line nr="135" mi="6" ci="0" mb="0" cb="0"/><line nr="136" mi="7" ci="0" mb="0" cb="0"/><line nr="137" mi="3" ci="0" mb="0" cb="0"/><line nr="140" mi="6" ci="0" mb="0" cb="0"/><line nr="141" mi="9" ci="0" mb="0" cb="0"/><line nr="143" mi="0" ci="13" mb="0" cb="0"/><line nr="144" mi="0" ci="2" mb="0" cb="0"/><line nr="146" mi="0" ci="6" mb="0" cb="0"/><line nr="152" mi="1" ci="0" mb="0" cb="0"/><line nr="153" mi="14" ci="0" mb="0" cb="0"/><line nr="154" mi="0" ci="1" mb="0" cb="0"/><line nr="155" mi="0" ci="4" mb="0" cb="0"/><line nr="156" mi="0" ci="3" mb="0" cb="0"/><line nr="157" mi="0" ci="12" mb="0" cb="0"/><line nr="158" mi="0" ci="4" mb="0" cb="0"/><line nr="159" mi="0" ci="2" mb="0" cb="0"/><line nr="163" mi="0" ci="5" mb="0" cb="0"/><line nr="164" mi="0" ci="4" mb="0" cb="0"/><line nr="166" mi="0" ci="3" mb="0" cb="0"/><line nr="167" mi="0" ci="2" mb="0" cb="0"/><line nr="169" mi="0" ci="13" mb="0" cb="0"/><line nr="170" mi="0" ci="4" mb="0" cb="0"/><line nr="173" mi="0" ci="3" mb="1" cb="1"/><line nr="174" mi="4" ci="0" mb="0" cb="0"/><line nr="175" mi="1" ci="0" mb="0" cb="0"/><line nr="177" mi="0" ci="5" mb="0" cb="0"/><line nr="178" mi="0" ci="18" mb="0" cb="0"/><line nr="179" mi="0" ci="2" mb="0" cb="0"/><line nr="183" mi="0" ci="3" mb="0" cb="0"/><line nr="184" mi="0" ci="8" mb="0" cb="0"/><line nr="185" mi="0" ci="2" mb="0" cb="0"/><line nr="187" mi="0" ci="4" mb="1" cb="1"/><line nr="188" mi="4" ci="0" mb="0" cb="0"/><line nr="189" mi="2" ci="0" mb="0" cb="0"/><line nr="192" mi="0" ci="4" mb="0" cb="0"/><line nr="193" mi="0" ci="3" mb="0" cb="0"/><line nr="194" mi="0" ci="8" mb="0" cb="0"/><line nr="195" mi="0" ci="4" mb="0" cb="0"/><line nr="196" mi="0" ci="2" mb="0" cb="0"/><line nr="199" mi="0" ci="8" mb="0" cb="0"/><line nr="200" mi="0" ci="1" mb="0" cb="0"/><line nr="203" mi="0" ci="5" mb="0" cb="0"/><line nr="204" mi="0" ci="11" mb="0" cb="0"/><line nr="205" mi="0" ci="6" mb="2" cb="2"/><line nr="206" mi="0" ci="4" mb="0" cb="0"/><line nr="207" mi="0" ci="3" mb="0" cb="0"/><line nr="208" mi="0" ci="16" mb="0" cb="0"/><line nr="209" mi="0" ci="4" mb="0" cb="0"/><line nr="210" mi="0" ci="2" mb="0" cb="0"/><line nr="212" mi="2" ci="0" mb="0" cb="0"/><line nr="215" mi="0" ci="5" mb="0" cb="0"/><line nr="216" mi="0" ci="4" mb="0" cb="0"/><line nr="218" mi="0" ci="3" mb="0" cb="0"/><line nr="219" mi="0" ci="2" mb="0" cb="0"/><line nr="221" mi="0" ci="13" mb="0" cb="0"/><line nr="222" mi="0" ci="4" mb="0" cb="0"/><line nr="225" mi="0" ci="3" mb="1" cb="1"/><line nr="226" mi="4" ci="0" mb="0" cb="0"/><line nr="227" mi="2" ci="0" mb="0" cb="0"/><line nr="229" mi="0" ci="5" mb="0" cb="0"/><line nr="230" mi="0" ci="18" mb="0" cb="0"/><line nr="231" mi="0" ci="2" mb="0" cb="0"/><line nr="235" mi="0" ci="8" mb="0" cb="0"/><line nr="239" mi="5" ci="0" mb="0" cb="0"/><line nr="240" mi="4" ci="0" mb="0" cb="0"/><line nr="242" mi="3" ci="0" mb="0" cb="0"/><line nr="243" mi="2" ci="0" mb="0" cb="0"/><line nr="245" mi="13" ci="0" mb="0" cb="0"/><line nr="246" mi="4" ci="0" mb="0" cb="0"/><line nr="249" mi="3" ci="0" mb="2" cb="0"/><line nr="250" mi="4" ci="0" mb="0" cb="0"/><line nr="251" mi="1" ci="0" mb="0" cb="0"/><line nr="253" mi="5" ci="0" mb="0" cb="0"/><line nr="254" mi="18" ci="0" mb="0" cb="0"/><line nr="255" mi="2" ci="0" mb="0" cb="0"/><line nr="259" mi="5" ci="0" mb="0" cb="0"/><line nr="260" mi="5" ci="0" mb="0" cb="0"/><line nr="261" mi="8" ci="0" mb="0" cb="0"/><line nr="262" mi="6" ci="0" mb="2" cb="0"/><line nr="263" mi="8" ci="0" mb="0" cb="0"/><line nr="265" mi="7" ci="0" mb="0" cb="0"/><line nr="267" mi="1" ci="0" mb="0" cb="0"/><line nr="268" mi="5" ci="0" mb="0" cb="0"/><line nr="269" mi="2" ci="0" mb="0" cb="0"/><line nr="270" mi="1" ci="0" mb="0" cb="0"/><line nr="271" mi="5" ci="0" mb="0" cb="0"/><line nr="272" mi="2" ci="0" mb="0" cb="0"/><line nr="273" mi="2" ci="0" mb="0" cb="0"/><line nr="276" mi="8" ci="0" mb="0" cb="0"/><line nr="277" mi="1" ci="0" mb="0" cb="0"/><counter type="INSTRUCTION" missed="301" covered="430"/><counter type="BRANCH" missed="28" covered="16"/><counter type="LINE" missed="64" covered="78"/><counter type="COMPLEXITY" missed="24" covered="9"/><counter type="METHOD" missed="2" covered="9"/><counter type="CLASS" missed="0" covered="1"/></sourcefile><sourcefile name="ExploitMysql.java"><line nr="42" mi="0" ci="3" mb="0" cb="0"/><line nr="46" mi="0" ci="4" mb="0" cb="0"/><line nr="48" mi="0" ci="4" mb="0" cb="0"/><line nr="49" mi="1" ci="0" mb="0" cb="0"/><line nr="50" mi="5" ci="0" mb="0" cb="0"/><line nr="54" mi="0" ci="2" mb="0" cb="0"/><line nr="55" mi="0" ci="3" mb="0" cb="0"/><line nr="56" mi="0" ci="1" mb="0" cb="0"/><line nr="59" mi="0" ci="3" mb="0" cb="0"/><line nr="60" mi="0" ci="4" mb="0" cb="0"/><line nr="61" mi="0" ci="3" mb="0" cb="0"/><line nr="62" mi="0" ci="8" mb="0" cb="0"/><line nr="63" mi="0" ci="4" mb="0" cb="0"/><line nr="64" mi="0" ci="2" mb="0" cb="0"/><line nr="66" mi="0" ci="10" mb="0" cb="0"/><line nr="70" mi="0" ci="5" mb="0" cb="0"/><line nr="71" mi="0" ci="11" mb="0" cb="0"/><line nr="72" mi="0" ci="6" mb="2" cb="2"/><line nr="73" mi="0" ci="4" mb="0" cb="0"/><line nr="74" mi="0" ci="3" mb="0" cb="0"/><line nr="75" mi="0" ci="16" mb="0" cb="0"/><line nr="76" mi="0" ci="4" mb="0" cb="0"/><line nr="77" mi="0" ci="2" mb="0" cb="0"/><line nr="79" mi="2" ci="0" mb="0" cb="0"/><line nr="81" mi="0" ci="10" mb="0" cb="0"/><line nr="82" mi="0" ci="3" mb="1" cb="1"/><line nr="83" mi="4" ci="0" mb="0" cb="0"/><line nr="84" mi="10" ci="0" mb="0" cb="0"/><line nr="86" mi="0" ci="3" mb="1" cb="1"/><line nr="87" mi="4" ci="0" mb="0" cb="0"/><line nr="88" mi="10" ci="0" mb="0" cb="0"/><line nr="90" mi="0" ci="3" mb="1" cb="1"/><line nr="91" mi="4" ci="0" mb="0" cb="0"/><line nr="93" mi="0" ci="2" mb="0" cb="0"/><line nr="97" mi="5" ci="0" mb="0" cb="0"/><line nr="98" mi="5" ci="0" mb="0" cb="0"/><line nr="99" mi="8" ci="0" mb="0" cb="0"/><line nr="100" mi="6" ci="0" mb="2" cb="0"/><line nr="101" mi="8" ci="0" mb="0" cb="0"/><line nr="103" mi="7" ci="0" mb="0" cb="0"/><line nr="105" mi="1" ci="0" mb="0" cb="0"/><line nr="106" mi="5" ci="0" mb="0" cb="0"/><line nr="107" mi="2" ci="0" mb="0" cb="0"/><line nr="108" mi="1" ci="0" mb="0" cb="0"/><line nr="109" mi="5" ci="0" mb="0" cb="0"/><line nr="110" mi="2" ci="0" mb="0" cb="0"/><line nr="111" mi="2" ci="0" mb="0" cb="0"/><line nr="113" mi="10" ci="0" mb="0" cb="0"/><line nr="114" mi="1" ci="0" mb="0" cb="0"/><line nr="129" mi="0" ci="5" mb="1" cb="1"/><line nr="130" mi="2" ci="0" mb="0" cb="0"/><line nr="133" mi="0" ci="5" mb="0" cb="0"/><line nr="134" mi="0" ci="4" mb="0" cb="0"/><line nr="136" mi="0" ci="3" mb="0" cb="0"/><line nr="137" mi="0" ci="2" mb="0" cb="0"/><line nr="140" mi="0" ci="4" mb="0" cb="0"/><line nr="142" mi="0" ci="6" mb="0" cb="0"/><line nr="143" mi="0" ci="4" mb="0" cb="0"/><line nr="144" mi="1" ci="0" mb="0" cb="0"/><line nr="145" mi="5" ci="0" mb="0" cb="0"/><line nr="149" mi="0" ci="8" mb="0" cb="0"/><line nr="150" mi="0" ci="2" mb="0" cb="0"/><line nr="152" mi="0" ci="3" mb="1" cb="1"/><line nr="153" mi="5" ci="0" mb="0" cb="0"/><line nr="154" mi="9" ci="0" mb="0" cb="0"/><line nr="161" mi="0" ci="6" mb="0" cb="4"/><line nr="162" mi="0" ci="7" mb="0" cb="0"/><line nr="166" mi="0" ci="3" mb="0" cb="0"/><line nr="170" mi="0" ci="9" mb="1" cb="5"/><line nr="171" mi="0" ci="6" mb="0" cb="0"/><line nr="172" mi="0" ci="3" mb="0" cb="0"/><line nr="173" mi="0" ci="5" mb="0" cb="0"/><line nr="176" mi="0" ci="5" mb="1" cb="1"/><line nr="177" mi="0" ci="2" mb="0" cb="0"/><line nr="181" mi="0" ci="3" mb="1" cb="1"/><line nr="182" mi="6" ci="0" mb="0" cb="0"/><line nr="183" mi="2" ci="0" mb="0" cb="0"/><line nr="185" mi="0" ci="2" mb="0" cb="0"/><line nr="186" mi="0" ci="6" mb="0" cb="0"/><line nr="188" mi="0" ci="8" mb="0" cb="0"/><line nr="192" mi="0" ci="5" mb="1" cb="1"/><line nr="193" mi="1" ci="0" mb="0" cb="0"/><line nr="196" mi="0" ci="8" mb="0" cb="0"/><line nr="197" mi="0" ci="7" mb="0" cb="0"/><line nr="198" mi="0" ci="3" mb="1" cb="1"/><line nr="199" mi="5" ci="0" mb="0" cb="0"/><line nr="202" mi="0" ci="7" mb="0" cb="0"/><line nr="203" mi="0" ci="3" mb="1" cb="1"/><line nr="204" mi="5" ci="0" mb="0" cb="0"/><line nr="206" mi="7" ci="7" mb="3" cb="1"/><line nr="209" mi="0" ci="4" mb="1" cb="1"/><line nr="210" mi="2" ci="5" mb="1" cb="1"/><line nr="212" mi="6" ci="0" mb="2" cb="0"/><line nr="215" mi="0" ci="5" mb="0" cb="0"/><line nr="216" mi="0" ci="4" mb="1" cb="1"/><line nr="217" mi="13" ci="0" mb="0" cb="0"/><line nr="220" mi="0" ci="6" mb="1" cb="1"/><line nr="221" mi="0" ci="4" mb="0" cb="0"/><line nr="223" mi="0" ci="2" mb="0" cb="0"/><line nr="224" mi="0" ci="3" mb="1" cb="1"/><line nr="225" mi="4" ci="0" mb="2" cb="0"/><line nr="226" mi="3" ci="0" mb="0" cb="0"/><line nr="228" mi="3" ci="0" mb="0" cb="0"/><line nr="229" mi="10" ci="0" mb="0" cb="0"/><line nr="236" mi="3" ci="3" mb="3" cb="1"/><line nr="237" mi="0" ci="8" mb="1" cb="1"/><line nr="238" mi="0" ci="4" mb="0" cb="0"/><line nr="240" mi="0" ci="7" mb="0" cb="0"/><line nr="244" mi="0" ci="3" mb="0" cb="0"/><line nr="248" mi="3" ci="6" mb="4" cb="2"/><line nr="249" mi="0" ci="6" mb="0" cb="0"/><line nr="250" mi="0" ci="7" mb="0" cb="0"/><line nr="251" mi="0" ci="6" mb="0" cb="0"/><line nr="253" mi="0" ci="1" mb="0" cb="0"/><line nr="262" mi="0" ci="2" mb="0" cb="0"/><line nr="263" mi="0" ci="2" mb="0" cb="0"/><line nr="265" mi="0" ci="6" mb="0" cb="0"/><line nr="266" mi="0" ci="17" mb="0" cb="0"/><line nr="268" mi="0" ci="6" mb="0" cb="0"/><line nr="269" mi="0" ci="8" mb="0" cb="0"/><line nr="272" mi="0" ci="5" mb="0" cb="2"/><line nr="273" mi="0" ci="2" mb="0" cb="0"/><line nr="275" mi="0" ci="3" mb="0" cb="2"/><line nr="276" mi="0" ci="4" mb="0" cb="0"/><line nr="277" mi="0" ci="6" mb="0" cb="0"/><line nr="278" mi="0" ci="21" mb="0" cb="0"/><line nr="281" mi="0" ci="8" mb="0" cb="0"/><line nr="284" mi="0" ci="5" mb="1" cb="1"/><line nr="285" mi="2" ci="0" mb="0" cb="0"/><line nr="288" mi="0" ci="2" mb="0" cb="0"/><line nr="298" mi="2" ci="0" mb="0" cb="0"/><line nr="299" mi="5" ci="0" mb="0" cb="0"/><line nr="300" mi="2" ci="0" mb="0" cb="0"/><line nr="302" mi="4" ci="0" mb="0" cb="0"/><line nr="303" mi="6" ci="0" mb="0" cb="0"/><line nr="304" mi="17" ci="0" mb="0" cb="0"/><line nr="306" mi="14" ci="0" mb="0" cb="0"/><line nr="310" mi="5" ci="0" mb="2" cb="0"/><line nr="311" mi="2" ci="0" mb="0" cb="0"/><line nr="313" mi="3" ci="0" mb="2" cb="0"/><line nr="314" mi="4" ci="0" mb="0" cb="0"/><line nr="315" mi="6" ci="0" mb="0" cb="0"/><line nr="316" mi="29" ci="0" mb="0" cb="0"/><line nr="322" mi="5" ci="0" mb="2" cb="0"/><line nr="323" mi="2" ci="0" mb="0" cb="0"/><line nr="326" mi="2" ci="0" mb="0" cb="0"/><line nr="331" mi="9" ci="0" mb="0" cb="0"/><line nr="332" mi="6" ci="0" mb="0" cb="0"/><line nr="333" mi="7" ci="0" mb="0" cb="0"/><line nr="334" mi="10" ci="0" mb="0" cb="0"/><line nr="335" mi="1" ci="0" mb="0" cb="0"/><line nr="336" mi="7" ci="0" mb="0" cb="0"/><line nr="337" mi="1" ci="0" mb="0" cb="0"/><line nr="338" mi="1" ci="0" mb="0" cb="0"/><line nr="341" mi="0" ci="4" mb="0" cb="0"/><line nr="342" mi="0" ci="7" mb="0" cb="0"/><line nr="343" mi="0" ci="7" mb="2" cb="2"/><line nr="344" mi="0" ci="2" mb="0" cb="0"/><line nr="346" mi="0" ci="5" mb="0" cb="0"/><line nr="347" mi="0" ci="4" mb="0" cb="0"/><line nr="348" mi="0" ci="7" mb="0" cb="0"/><line nr="349" mi="0" ci="5" mb="0" cb="0"/><line nr="350" mi="0" ci="4" mb="1" cb="1"/><line nr="351" mi="6" ci="0" mb="0" cb="0"/><line nr="353" mi="0" ci="7" mb="0" cb="0"/><line nr="354" mi="0" ci="5" mb="0" cb="0"/><line nr="355" mi="0" ci="4" mb="1" cb="1"/><line nr="356" mi="6" ci="0" mb="0" cb="0"/><line nr="358" mi="0" ci="2" mb="0" cb="0"/><line nr="359" mi="0" ci="10" mb="0" cb="2"/><line nr="360" mi="0" ci="2" mb="0" cb="2"/><line nr="361" mi="0" ci="9" mb="0" cb="0"/><line nr="363" mi="0" ci="8" mb="0" cb="0"/><line nr="365" mi="0" ci="1" mb="0" cb="0"/><line nr="366" mi="0" ci="1" mb="0" cb="0"/><line nr="367" mi="0" ci="8" mb="0" cb="0"/><line nr="368" mi="0" ci="1" mb="0" cb="0"/><line nr="372" mi="0" ci="9" mb="0" cb="0"/><line nr="378" mi="1" ci="0" mb="0" cb="0"/><line nr="379" mi="3" ci="0" mb="0" cb="0"/><line nr="384" mi="0" ci="6" mb="0" cb="0"/><line nr="385" mi="0" ci="7" mb="0" cb="0"/><line nr="389" mi="0" ci="7" mb="0" cb="0"/><line nr="390" mi="0" ci="4" mb="0" cb="2"/><line nr="391" mi="0" ci="4" mb="0" cb="0"/><line nr="392" mi="0" ci="2" mb="0" cb="0"/><line nr="394" mi="0" ci="4" mb="0" cb="0"/><line nr="396" mi="0" ci="4" mb="0" cb="0"/><line nr="397" mi="0" ci="3" mb="0" cb="0"/><line nr="398" mi="0" ci="12" mb="0" cb="0"/><line nr="399" mi="0" ci="4" mb="0" cb="0"/><line nr="400" mi="0" ci="2" mb="0" cb="0"/><line nr="404" mi="5" ci="0" mb="0" cb="0"/><line nr="406" mi="7" ci="0" mb="0" cb="0"/><line nr="407" mi="1" ci="0" mb="0" cb="0"/><line nr="408" mi="5" ci="0" mb="0" cb="0"/><line nr="409" mi="1" ci="0" mb="0" cb="0"/><line nr="410" mi="1" ci="0" mb="0" cb="0"/><line nr="413" mi="0" ci="7" mb="0" cb="0"/><line nr="414" mi="0" ci="13" mb="0" cb="0"/><line nr="415" mi="0" ci="13" mb="0" cb="0"/><line nr="417" mi="0" ci="5" mb="0" cb="0"/><line nr="418" mi="0" ci="10" mb="0" cb="0"/><line nr="427" mi="0" ci="8" mb="0" cb="0"/><line nr="431" mi="1" ci="0" mb="0" cb="0"/><line nr="432" mi="14" ci="0" mb="0" cb="0"/><line nr="433" mi="0" ci="1" mb="0" cb="0"/><line nr="434" mi="0" ci="4" mb="0" cb="0"/><line nr="435" mi="0" ci="3" mb="0" cb="0"/><line nr="436" mi="0" ci="12" mb="0" cb="0"/><line nr="437" mi="0" ci="4" mb="0" cb="0"/><line nr="438" mi="0" ci="2" mb="0" cb="0"/><line nr="443" mi="0" ci="3" mb="0" cb="0"/><line nr="444" mi="0" ci="4" mb="0" cb="0"/><line nr="445" mi="0" ci="2" mb="0" cb="0"/><line nr="446" mi="0" ci="3" mb="0" cb="0"/><line nr="447" mi="0" ci="3" mb="0" cb="0"/><line nr="448" mi="1" ci="0" mb="0" cb="0"/><line nr="449" mi="5" ci="0" mb="0" cb="0"/><counter type="INSTRUCTION" missed="412" covered="723"/><counter type="BRANCH" missed="46" covered="46"/><counter type="LINE" missed="78" covered="141"/><counter type="COMPLEXITY" missed="42" covered="26"/><counter type="METHOD" missed="5" covered="17"/><counter type="CLASS" missed="0" covered="1"/></sourcefile><counter type="INSTRUCTION" missed="1212" covered="1330"/><counter type="BRANCH" missed="81" covered="63"/><counter type="LINE" missed="201" covered="246"/><counter type="COMPLEXITY" missed="74" covered="41"/><counter type="METHOD" missed="11" covered="32"/><counter type="CLASS" missed="0" covered="4"/></package><counter type="INSTRUCTION" missed="9711" covered="29065"/><counter type="BRANCH" missed="975" covered="1395"/><counter type="LINE" missed="2101" covered="5760"/><counter type="COMPLEXITY" missed="992" covered="1779"/><counter type="METHOD" missed="326" covered="1249"/><counter type="CLASS" missed="7" covered="179"/></report>