GROUP,PACKAGE,CLASS,INSTRUCTION_MISSED,INSTRUCTION_COVERED,BRANCH_MISSED,BRANCH_COVERED,LINE_MISSED,LINE_COVERED,COMPLEXITY_MISSED,COMPLEXITY_COVERED,METHOD_MISSED,METHOD_COVERED
view,com.jsql.view.swing.radio,AbstractRadioLink,30,65,2,6,6,20,3,7,2,4
view,com.jsql.view.swing.radio,RadioMethodMouseAdapter,102,3,10,0,27,1,8,1,3,1
view,com.jsql.view.swing.radio,RadioLinkMethod,9,32,0,0,4,11,1,5,1,5
view,com.jsql,MainApplication,136,0,14,0,44,0,11,0,4,0
view,com.jsql.view.swing.dialog.translate,OrderedProperties.CustomProperties,40,14,4,0,6,4,8,2,6,2
view,com.jsql.view.swing.dialog.translate,Language,0,224,0,0,0,31,0,5,0,5
view,com.jsql.view.swing.dialog.translate,SwingWorkerGithubLocale,194,207,10,6,45,46,9,12,2,11
view,com.jsql.view.swing.dialog.translate,OrderedProperties.DateSuppressingPropertiesBufferedWriter,47,0,8,0,13,0,6,0,2,0
view,com.jsql.view.swing.dialog.translate,OrderedProperties.OrderedPropertiesBuilder,33,0,2,0,9,0,5,0,4,0
view,com.jsql.view.swing.dialog.translate,OrderedProperties,290,33,18,0,65,10,32,4,23,4
view,com.jsql.view.swing.util,UiUtil.new FocusListener() {...},0,28,0,0,0,9,0,3,0,3
view,com.jsql.view.swing.util,UiUtil.new DefaultCaret() {...},0,7,0,0,0,3,0,2,0,2
view,com.jsql.view.swing.util,UiUtil.new AbstractBorder() {...},6,37,0,0,2,7,0,2,0,2
view,com.jsql.view.swing.util,MediatorHelper,4,76,0,0,2,46,2,30,2,30
view,com.jsql.view.swing.util,UiStringUtil,23,36,4,2,3,12,3,3,0,3
view,com.jsql.view.swing.util,I18nViewUtil,18,54,2,4,3,14,2,7,0,6
view,com.jsql.view.swing.util,UiUtil,29,1281,3,3,7,219,3,17,0,17
view,com.jsql.view.swing.table,ActionShowSearch,9,9,0,0,3,4,1,1,1,1
view,com.jsql.view.swing.table,FixedColumnTable,52,231,4,6,8,43,5,6,2,4
view,com.jsql.view.swing.table,PanelTable,33,394,2,4,9,88,5,11,3,10
view,com.jsql.view.swing.table,ActionCloseSearch,14,12,0,0,4,5,1,1,1,1
view,com.jsql.view.swing.table,AdjusterTableColumn.ToggleAction,28,12,8,0,5,4,5,1,1,1
view,com.jsql.view.swing.table,ComparatorColumn,53,3,8,0,20,1,5,1,1,1
view,com.jsql.view.swing.table,AdjusterTableColumn.ColumnAction,48,12,8,0,11,4,5,1,1,1
view,com.jsql.view.swing.table,RowHeaderRenderer,0,22,0,2,0,7,0,3,0,2
view,com.jsql.view.swing.table,FixedColumnTable.new JTable() {...},2,6,0,0,1,1,1,1,1,1
view,com.jsql.view.swing.table,FixedColumnTable.new DefaultTableModel() {...},13,13,2,0,5,3,3,3,2,3
view,com.jsql.view.swing.table,FixedColumnTable.new RowHeaderRenderer() {...},0,26,0,0,0,4,0,2,0,2
view,com.jsql.view.swing.table,AdjusterTableColumn,135,339,24,12,42,82,20,18,4,16
view,com.jsql.view.swing.table,PanelTable.new DocumentListener() {...},34,12,2,0,10,1,5,1,4,1
view,com.jsql.view.swing.table,PanelTable.new JTable() {...},2,8,0,0,1,1,1,1,1,1
view,com.jsql.view.swing.table,PanelTable.new MouseAdapter() {...},43,6,2,0,10,1,2,1,1,1
view,com.jsql.view.swing.menubar,Menubar.new MouseAdapter() {...},8,9,0,0,3,1,1,1,1,1
view,com.jsql.view.swing.menubar,Menubar.new BasicCheckBoxMenuItemUI() {...},5,6,0,0,2,1,1,1,1,1
view,com.jsql.view.swing.menubar,Menubar,319,2676,32,30,60,423,47,44,26,34
view,com.jsql.view.swing.menubar,JMenuItemWithMargin,0,30,1,1,0,15,1,5,0,5
view,com.jsql.view.swing.menubar,Menubar.new ActionListener() {...},0,42,1,1,0,10,1,2,0,2
view,com.jsql.view.swing.menubar,ActionCheckUpdate,13,3,0,0,4,1,2,1,2,1
view,com.jsql.view.swing.action,HotkeyUtil,0,219,1,7,0,54,1,11,0,8
view,com.jsql.view.swing.action,ActionNewWindow,28,68,0,0,7,14,2,3,2,3
view,com.jsql.view.swing.action,ActionSaveTab,201,30,22,0,52,7,15,2,4,2
view,com.jsql.view.swing.action,ActionCheckIP,48,6,2,0,10,2,6,2,5,2
view,com.jsql.view.swing.action,AltKeyEventDispatcher,97,58,28,12,27,21,21,4,3,2
view,com.jsql.view.swing.action,ActionCloseTabResult,57,3,10,0,21,1,8,1,3,1
view,com.jsql.view.swing.action,HotkeyUtil.new AbstractAction() {...},7,6,0,0,2,1,1,1,1,1
view,com.jsql.view.swing.action,HotkeyUtil.new AbstractAction() {...},27,6,4,0,6,1,3,1,1,1
view,com.jsql.view.swing.action,HotkeyUtil.new AbstractAction() {...},29,6,4,0,6,1,3,1,1,1
view,com.jsql.view.swing.popupmenu,JPopupMenuComponent,0,111,0,4,0,28,0,4,0,2
view,com.jsql.view.swing.popupmenu,JPopupMenuTable.ActionCopy,19,6,0,0,3,1,1,1,1,1
view,com.jsql.view.swing.popupmenu,JPopupMenuTable.new PopupMenuListener() {...},10,6,2,0,5,1,4,1,3,1
view,com.jsql.view.swing.popupmenu,JPopupMenuTable.ActionSelectAll,5,6,0,0,2,1,1,1,1,1
view,com.jsql.view.swing.popupmenu,JPopupMenuTable,0,99,0,0,0,27,0,2,0,2
view,com.jsql.view.swing.popupmenu,JPopupMenuComponent.new AbstractAction() {...},7,6,0,0,2,1,1,1,1,1
view,com.jsql.view.swing.popupmenu,JPopupMenuComponent.PopupMenuOrientedListener,37,6,2,0,12,1,4,1,3,1
view,com.jsql.view.swing.popupmenu,JPopupMenuText,0,59,0,2,0,15,0,2,0,1
view,com.jsql.view.swing.manager,ManagerSqlShell,12,122,0,0,2,36,1,1,1,1
view,com.jsql.view.swing.manager,ManagerDatabase.new KeyAdapter() {...},38,6,10,0,9,1,6,1,1,1
view,com.jsql.view.swing.manager,ManagerDatabase.new MouseAdapter() {...},24,32,4,2,6,5,3,2,0,2
view,com.jsql.view.swing.manager,ManagerDatabase.new FocusListener() {...},56,6,12,0,14,1,8,1,2,1
view,com.jsql.view.swing.manager,ManagerFile,84,131,4,0,24,26,4,3,2,3
view,com.jsql.view.swing.manager,ManagerCoder.new DocumentListenerEditing() {...},0,11,0,0,0,3,0,2,0,2
view,com.jsql.view.swing.manager,AbstractManagerList,134,182,8,8,27,38,8,11,4,7
view,com.jsql.view.swing.manager,ManagerUpload,128,254,6,2,34,53,7,4,4,3
view,com.jsql.view.swing.manager,ManagerWebShell,6,7,0,0,2,3,1,1,1,1
view,com.jsql.view.swing.manager,ManagerDatabase.TreeModelGifListener,3,31,2,2,2,9,3,4,1,4
view,com.jsql.view.swing.manager,AbstractManagerShell.ActionCreationShell,121,6,10,0,33,1,8,1,3,1
view,com.jsql.view.swing.manager,ManagerDatabase,3,124,0,0,1,26,1,6,1,6
view,com.jsql.view.swing.manager,ManagerCoder.ChangeMenuListener,0,30,2,4,0,8,2,3,0,2
view,com.jsql.view.swing.manager,ManagerScan,254,315,16,10,72,74,14,9,4,6
view,com.jsql.view.swing.manager,AbstractManagerShell,6,261,0,2,2,53,0,4,0,3
view,com.jsql.view.swing.manager,ManagerBruteForce,33,612,0,0,11,103,11,7,11,7
view,com.jsql.view.swing.manager,ManagerCoder,0,485,0,2,0,86,0,9,0,8
view,com.jsql.view.swing.manager,ManagerAdminPage,134,128,14,0,31,27,13,3,6,3
view,com.jsql.view.swing.panel.consoles,CenterRenderer,0,6,0,0,0,3,0,1,0,1
view,com.jsql.view.swing.panel.consoles,NetworkTable,0,224,1,3,0,47,1,7,0,6
view,com.jsql.view.swing.panel.consoles,CenterRendererWithColor,72,38,15,5,15,8,10,3,1,2
view,com.jsql.view.swing.panel.consoles,TooltipCellRenderer,0,33,0,0,0,6,0,2,0,2
view,com.jsql.view.swing.panel.consoles,NetworkTable.new DefaultTableModel() {...},0,44,0,0,0,7,0,3,0,3
view,com.jsql.view.swing.panel.consoles,NetworkTable.new MouseAdapter() {...},35,14,1,1,8,4,1,2,0,2
view,com.jsql.view.swing.panel.consoles,TabbedPaneNetworkTab,24,384,2,6,8,72,2,7,0,5
view,com.jsql.view.swing.panel.split,ActionHideShowConsole,0,67,2,8,0,22,2,5,0,2
view,com.jsql.view.swing.panel.split,SplitHorizontalTopBottom,5,206,0,0,2,50,2,6,2,6
view,com.jsql.view.swing.panel.split,ActionHideShowResult,22,30,6,2,7,10,4,2,0,2
view,com.jsql.view.swing.panel.address,ActionStart,46,83,5,3,13,23,5,4,1,4
view,com.jsql.view.swing.panel.address,AddressMenuBar,227,514,28,20,49,108,25,19,8,12
view,com.jsql.view.swing.panel.address,RequestPanel,33,202,2,4,10,34,4,5,3,3
view,com.jsql.view.swing.panel.address,AddressMenuBar.new JRadioButtonMenuItem() {...},24,13,0,0,6,1,1,1,1,1
view,com.jsql.view.swing.panel.address,ActionEnterAddressBar,10,4,2,0,3,2,2,1,1,1
view,com.jsql.view.swing.panel.address,RequestPanel.new BasicRadioButtonMenuItemUI() {...},5,6,0,0,2,1,1,1,1,1
view,com.jsql.view.swing.panel.address,RequestPanel.new MouseAdapter() {...},93,12,6,0,16,1,4,1,1,1
view,com.jsql.view.swing.panel.util,ButtonExpandText.new WindowAdapter() {...},16,12,0,0,3,1,1,1,1,1
view,com.jsql.view.swing.panel.util,ButtonExpandText.new AbstractAction() {...},4,9,0,0,2,1,1,1,1,1
view,com.jsql.view.swing.panel.util,HTMLEditorKitTextPaneWrap.new HTMLEditorKit.HTMLFactory() {...},0,38,0,4,0,9,0,6,0,4
view,com.jsql.view.swing.panel.util,HTMLEditorKitTextPaneWrap,0,8,0,0,0,2,0,2,0,2
view,com.jsql.view.swing.panel.util,ButtonExpandText,19,96,2,0,3,23,2,1,1,1
view,com.jsql.view.swing.panel.util,RadioMenuItemIconCustom,206,3,22,0,47,1,16,1,5,1
view,com.jsql.view.swing.panel.util,ButtonAddressBar,13,75,0,0,5,26,1,4,1,4
view,com.jsql.view.swing.panel.util,HTMLEditorKitTextPaneWrap.1.new ParagraphView() {...},0,44,0,2,0,11,0,3,0,2
view,com.jsql.view.swing.panel.util,HTMLEditorKitTextPaneWrap.1.new InlineView() {...},4,34,3,3,2,7,3,3,0,3
view,com.jsql.view.swing.sql.lexer.syntax,JavaScriptLexer,3907,450,356,31,637,128,317,24,9,15
view,com.jsql.view.swing.sql.lexer.syntax,SQLLexer,420,1068,66,64,105,255,59,49,7,17
view,com.jsql.view.swing.sql.lexer.syntax,SQLToken,80,149,10,30,22,35,14,27,6,13
view,com.jsql.view.swing.sql.lexer.syntax,Token,0,3,0,0,0,1,0,1,0,1
view,com.jsql.view.swing.sql.lexer.syntax,JavaScriptToken,253,0,43,0,63,0,44,0,19,0
view,com.jsql.view.swing.text.listener,DocumentListenerEditing,3,9,0,0,2,5,1,3,1,3
view,com.jsql.view.swing.combomenu,ArrowIcon,18,54,3,1,6,15,3,5,1,5
view,com.jsql.view.swing.combomenu,BlankIcon,21,19,1,1,4,8,2,4,1,4
view,com.jsql.view.swing,JFrameView,0,197,1,3,0,59,1,10,0,9
view,com.jsql.view.swing,JFrameView.new WindowAdapter() {...},116,33,12,2,26,7,8,2,1,2
view,com.jsql.view.swing.tab,TabbedPaneMouseWheelListener,52,6,12,0,13,2,7,2,1,2
view,com.jsql.view.swing.tab,TabManagersProxy,63,153,0,0,19,35,3,3,3,3
view,com.jsql.view.swing.tab,TabHeader,24,86,4,0,12,25,8,6,6,6
view,com.jsql.view.swing.tab,ButtonClose,0,33,0,0,0,12,0,1,0,1
view,com.jsql.view.swing.tab,TabManagers,0,163,0,0,0,29,0,3,0,3
view,com.jsql.view.swing.tab,TabMouseAdapter,72,13,5,1,19,6,4,3,1,3
view,com.jsql.view.swing.tab,TabManagers.new MouseAdapter() {...},0,22,0,0,0,5,0,2,0,2
view,com.jsql.view.swing.tab,TabManagers.new CustomMetalTabbedPaneUI() {...},0,14,0,0,0,2,0,2,0,2
view,com.jsql.view.swing.tab,TabResults,12,280,0,0,4,61,0,6,0,6
view,com.jsql.view.swing.tab,TabManagers.new JLabel() {...},14,15,0,0,3,1,1,1,1,1
view,com.jsql.view.swing.tab,TabHeader.new JLabel() {...},0,11,0,0,0,3,0,2,0,2
view,com.jsql.view.swing.tab,TabManagersProxy.new MetalTabbedPaneUI() {...},0,8,0,0,0,2,0,2,0,2
view,com.jsql.view.swing.tab,TabbedPaneWheeled,0,29,0,0,0,9,0,3,0,3
view,com.jsql.view.swing.tab,TabConsoles,6,36,2,4,2,12,2,4,0,3
view,com.jsql.view.swing.tree,ActionLoadStop.new SwingWorker() {...},20,0,0,0,4,0,2,0,2,0
view,com.jsql.view.swing.tree,ActionCheckUncheck,70,0,6,0,21,0,5,0,2,0
view,com.jsql.view.swing.tree,ActionLoadStop,118,9,16,0,30,4,12,1,4,1
view,com.jsql.view.swing.tree,ProgressBarPausable,52,9,2,0,15,3,3,2,2,2
view,com.jsql.view.swing.tree,PanelNode.new KeyAdapter() {...},37,12,4,0,9,1,3,1,1,1
view,com.jsql.view.swing.tree,PanelNode.new FocusAdapter() {...},15,12,0,0,5,1,1,1,1,1
view,com.jsql.view.swing.tree,PanelNode.new FocusListener() {...},22,6,0,0,6,1,2,1,2,1
view,com.jsql.view.swing.tree,CellRendererNode,0,20,0,0,0,5,0,2,0,2
view,com.jsql.view.swing.tree,ImageOverlap,57,0,0,0,13,0,3,0,3,0
view,com.jsql.view.swing.tree,TreeDatabase,139,249,17,13,40,64,17,13,6,9
view,com.jsql.view.swing.tree,ImageObserverAnimated,24,18,6,0,5,5,4,1,1,1
view,com.jsql.view.swing.tree,PanelNode,59,223,0,0,17,45,5,7,5,7
view,com.jsql.view.swing.tree,CellEditorNode,68,65,11,5,21,23,11,8,4,7
view,com.jsql.view.swing.tree,CheckBoxMenuItemIconCustom,194,0,16,0,44,0,13,0,5,0
view,com.jsql.view.swing.tree,ActionPauseUnpause,20,6,4,0,7,3,3,1,1,1
view,com.jsql.view.swing.sql,SqlEngine.new BasicRadioButtonMenuItemUI() {...},5,3,0,0,2,1,1,1,1,1
view,com.jsql.view.swing.sql,SqlEngine.new DocumentListenerEditing() {...},0,10,0,0,0,3,0,2,0,2
view,com.jsql.view.swing.sql,SqlEngine,15,1583,1,9,7,256,3,29,2,25
view,com.jsql.view.swing.sql,SqlEngine.TextareaWithColor,0,1022,0,0,0,137,0,91,0,91
view,com.jsql.view.swing.panel.preferences,TamperingMouseAdapter,33,12,0,0,8,5,3,1,3,1
view,com.jsql.view.swing.panel.preferences,PanelInjection,178,1631,35,33,27,381,30,49,7,38
view,com.jsql.view.swing.panel.preferences,PanelConnection.new DocumentListenerEditing() {...},6,9,0,0,2,1,1,1,1,1
view,com.jsql.view.swing.panel.preferences,PanelConnection.new DocumentListenerEditing() {...},6,9,0,0,2,1,1,1,1,1
view,com.jsql.view.swing.panel.preferences,PanelTampering.new DocumentListenerEditing() {...},9,6,0,0,2,1,1,1,1,1
view,com.jsql.view.swing.panel.preferences,PanelStrategies,90,414,12,0,18,107,12,9,6,9
view,com.jsql.view.swing.panel.preferences,PanelProxy,30,416,4,0,6,112,4,10,2,10
view,com.jsql.view.swing.panel.preferences,PanelProxy.new DocumentListenerEditing() {...},6,9,0,0,2,1,1,1,1,1
view,com.jsql.view.swing.panel.preferences,PanelConnection,66,1256,15,39,11,279,17,40,5,25
view,com.jsql.view.swing.panel.preferences,SpinnerMouseWheelListener,43,3,4,0,9,1,3,1,1,1
view,com.jsql.view.swing.panel.preferences,PanelTampering,190,874,28,0,41,203,26,15,12,15
view,com.jsql.view.swing.panel.preferences,PanelAuth.new DocumentListenerEditing() {...},6,9,0,0,2,1,1,1,1,1
view,com.jsql.view.swing.panel.preferences,PanelAuth,46,434,8,0,10,115,6,10,2,10
view,com.jsql.view.swing.panel.preferences,ActionListenerSave,11,484,3,1,3,87,2,2,0,2
view,com.jsql.view.swing.panel.preferences,PanelUserAgent.new DocumentListenerEditing() {...},9,6,0,0,3,1,1,1,1,1
view,com.jsql.view.swing.panel.preferences,PanelUserAgent,24,185,2,2,6,54,2,4,1,3
view,com.jsql.view.swing.panel.preferences,PanelGeneral,45,228,6,0,9,62,6,6,3,6
view,com.jsql.view.swing.list,ListTransfertHandlerScan,85,264,5,15,21,62,4,14,0,8
view,com.jsql.view.swing.list,DnDList.new FocusListener() {...},0,14,0,0,0,5,0,3,0,3
view,com.jsql.view.swing.list,DnDList.new KeyAdapter() {...},0,14,0,2,0,4,0,3,0,2
view,com.jsql.view.swing.list,DnDList.new AbstractAction() {...},14,76,4,6,3,14,3,4,0,2
view,com.jsql.view.swing.list,ListTransfertHandler,59,169,8,12,11,37,7,10,1,6
view,com.jsql.view.swing.list,MenuActionNewValue.new MouseAdapter() {...},17,0,0,0,4,0,2,0,2,0
view,com.jsql.view.swing.list,MouseAdapterMenuAction,143,378,16,10,33,79,18,9,7,7
view,com.jsql.view.swing.list,DnDListScan,15,4,0,0,2,2,1,1,1,1
view,com.jsql.view.swing.list,MenuActionExport,62,9,4,0,14,4,3,2,1,2
view,com.jsql.view.swing.list,RendererComplexCell.BorderList,33,0,0,0,5,0,1,0,1,0
view,com.jsql.view.swing.list,AbstractListTransfertHandler,82,165,11,13,25,48,10,12,2,8
view,com.jsql.view.swing.list,MenuActionNewValue,221,9,12,0,45,4,9,2,3,2
view,com.jsql.view.swing.list,RendererComplexCell,20,69,3,11,3,19,3,7,0,3
view,com.jsql.view.swing.list,ItemList,35,26,0,0,14,9,7,4,7,4
view,com.jsql.view.swing.list,DnDList,234,154,29,7,69,47,22,7,6,5
view,com.jsql.view.swing.list,MenuActionExport.new JFileChooser() {...},50,0,8,0,19,0,7,0,2,0
view,com.jsql.view.swing.list,ItemListScan,0,18,0,0,0,5,0,3,0,3
view,com.jsql.view.swing.list,BeanInjection,12,108,0,2,4,38,0,12,0,11
view,com.jsql.view.swing.dialog,DialogAbout.new FocusAdapter() {...},11,9,0,0,3,1,1,1,1,1
view,com.jsql.view.swing.dialog,DialogAbout.new MouseAdapter() {...},8,9,0,0,3,1,1,1,1,1
view,com.jsql.view.swing.dialog,DialogTranslate,55,375,2,0,16,69,7,10,6,10
view,com.jsql.view.swing.dialog,ReplaceFileChooser,44,4,8,0,17,2,6,1,1,1
view,com.jsql.view.swing.dialog,DialogAbout,44,321,2,2,13,72,3,10,2,9
view,com.jsql.view.swing.dialog,DialogTranslate.new MouseAdapter() {...},9,6,0,0,3,1,1,1,1,1
view,com.jsql.view.swing.dialog,DialogTranslate.new FocusAdapter() {...},0,19,0,0,0,4,0,2,0,2
view,com.jsql.view.swing.tree.model,NodeModelDatabase,46,20,7,3,12,8,5,6,1,5
view,com.jsql.view.swing.tree.model,NodeModelEmpty,14,50,1,1,7,13,6,3,5,3
view,com.jsql.view.swing.tree.model,AbstractNodeModel,205,377,27,19,54,99,36,22,15,20
view,com.jsql.view.swing.tree.model,NodeModelColumn,16,35,3,1,5,9,2,2,0,2
view,com.jsql.view.swing.tree.model,NodeModelDatabase.new SwingWorker() {...},19,0,0,0,4,0,2,0,2,0
view,com.jsql.view.swing.tree.model,NodeModelTable.new SwingWorker() {...},19,0,0,0,4,0,2,0,2,0
view,com.jsql.view.swing.tree.model,NodeModelTable.new BasicRadioButtonMenuItemUI() {...},11,0,0,0,3,0,2,0,2,0
view,com.jsql.view.swing.tree.model,NodeModelTable.new BasicCheckBoxMenuItemUI() {...},11,0,0,0,3,0,2,0,2,0
view,com.jsql.view.swing.tree.model,ActionCheckbox,50,9,4,0,12,4,3,1,1,1
view,com.jsql.view.swing.tree.model,JPopupMenuCustomExtract,42,3,0,0,18,1,12,1,12,1
view,com.jsql.view.swing.tree.model,NodeModelTable,428,73,16,4,92,19,12,6,3,5
view,com.jsql.view.swing.panel,PanelAddressBar.new JTextFieldPlaceholder() {...},16,10,0,0,3,1,1,1,1,1
view,com.jsql.view.swing.panel,PanelAddressBar.new JTextFieldPlaceholder() {...},13,10,0,0,3,1,1,1,1,1
view,com.jsql.view.swing.panel,PanelAddressBar.new RadioLinkMethod() {...},16,15,0,0,2,1,1,1,1,1
view,com.jsql.view.swing.panel,PanelAddressBar.new JTextFieldWithIcon() {...},13,10,0,0,3,1,1,1,1,1
view,com.jsql.view.swing.panel,PanelConsoles.new JLabel() {...},14,15,0,0,3,1,1,1,1,1
view,com.jsql.view.swing.panel,PanelConsoles.new CustomMetalTabbedPaneUI() {...},0,14,0,0,0,2,0,2,0,2
view,com.jsql.view.swing.panel,PanelConsoles.new MouseAdapter() {...},6,20,0,0,2,5,0,2,0,2
view,com.jsql.view.swing.panel,PanelPreferences.CategoryPreference,0,78,0,0,0,14,0,4,0,4
view,com.jsql.view.swing.panel,PanelPreferences.new DefaultListCellRenderer() {...},0,41,0,4,0,12,0,4,0,2
view,com.jsql.view.swing.panel,PanelAddressBar,5,651,0,4,1,136,1,17,1,15
view,com.jsql.view.swing.panel,PanelPreferences,3,430,0,0,1,92,1,13,1,13
view,com.jsql.view.swing.panel,PanelConsoles,78,624,9,9,20,134,12,20,3,20
view,com.jsql.view.swing.panel,PanelAddressBar.RadioModel,0,18,0,0,0,7,0,1,0,1
view,com.jsql.view.swing.sql.lexer,DocumentReader,141,103,12,8,33,22,16,7,8,5
view,com.jsql.view.swing.sql.lexer,DocPosition,32,30,8,0,11,10,6,4,2,4
view,com.jsql.view.swing.sql.lexer,Colorer,144,397,28,34,37,98,23,14,1,5
view,com.jsql.view.swing.sql.lexer,DocPositionComparator,7,15,2,0,1,4,2,2,1,2
view,com.jsql.view.swing.sql.lexer,Colorer.RecolorEvent,4,19,0,0,2,8,1,4,1,4
view,com.jsql.view.swing.sql.lexer,TokenStyles,0,167,0,0,0,34,0,3,0,3
view,com.jsql.view.swing.sql.lexer,HighlightedDocument,23,171,2,4,10,46,4,12,2,11
view,com.jsql.view.swing.tab.dnd,TabTransferHandler,78,254,24,18,13,59,22,8,1,8
view,com.jsql.view.swing.tab.dnd,DnDTabbedPane.Handler,6,166,9,15,1,38,9,9,0,6
view,com.jsql.view.swing.tab.dnd,TabDropTargetAdapter,39,0,2,0,14,0,6,0,5,0
view,com.jsql.view.swing.tab.dnd,DnDTabData,0,6,0,0,0,3,0,1,0,1
view,com.jsql.view.swing.tab.dnd,GhostGlassPane,0,45,0,0,0,15,0,4,0,4
view,com.jsql.view.swing.tab.dnd,DnDTabbedPane.DnDDropLocation,0,20,0,0,0,8,0,4,0,4
view,com.jsql.view.swing.tab.dnd,DnDTabbedPane,207,305,30,18,40,68,23,13,2,10
view,com.jsql.view.swing.tab.dnd,TabTransferHandler.new Transferable() {...},5,32,1,1,1,5,1,4,0,4
view,com.jsql.view.scan,ScanListTerminal,4,0,0,0,2,0,1,0,1,0
view,com.jsql.view.swing.text,JPopupTextArea.new JTextAreaPlaceholder() {...},0,6,0,0,0,2,0,2,0,2
view,com.jsql.view.swing.text,JPopupTextArea.new FocusAdapter() {...},0,21,0,0,0,4,0,2,0,2
view,com.jsql.view.swing.text,JPopupTextField,0,28,0,0,0,9,0,3,0,3
view,com.jsql.view.swing.text,JTextFieldAddressBar,0,9,0,0,0,3,0,1,0,1
view,com.jsql.view.swing.text,JTextAreaPlaceholderConsole,0,4,0,0,0,2,0,1,0,1
view,com.jsql.view.swing.text,JPopupTextArea,0,38,0,0,0,9,0,3,0,3
view,com.jsql.view.swing.text,JPopupTextPane.new FocusAdapter() {...},15,6,0,0,3,1,1,1,1,1
view,com.jsql.view.swing.text,JPopupTextPane.new JTextPanePlaceholderConsole() {...},0,6,0,0,0,2,0,2,0,2
view,com.jsql.view.swing.text,JTextFieldWithIcon,22,56,2,2,6,17,2,3,0,3
view,com.jsql.view.swing.text,JPopupComponent,0,24,0,0,0,6,0,2,0,2
view,com.jsql.view.swing.text,JTextFieldPlaceholder,6,50,0,2,2,16,0,6,0,5
view,com.jsql.view.swing.text,JTextPanePlaceholderConsole,0,4,0,0,0,2,0,1,0,1
view,com.jsql.view.swing.text,JPopupTextComponent.new AbstractAction() {...},15,10,2,0,6,1,2,1,1,1
view,com.jsql.view.swing.text,JPopupTextComponent.new AbstractAction() {...},15,10,2,0,6,1,2,1,1,1
view,com.jsql.view.swing.text,JTextPanePlaceholder,18,23,1,1,6,9,2,3,1,3
view,com.jsql.view.swing.text,JPopupTextPane,0,34,0,0,0,7,0,2,0,2
view,com.jsql.view.swing.text,JPopupComponent.new MouseAdapter() {...},12,6,2,0,4,1,2,1,1,1
view,com.jsql.view.swing.text,JTextAreaPlaceholder,13,25,0,2,5,10,1,4,1,3
view,com.jsql.view.swing.text,JToolTipI18n,0,13,0,0,0,6,0,3,0,3
view,com.jsql.view.swing.text,JPopupTextComponent,0,125,0,0,0,25,0,6,0,6
view,com.jsql.view.swing.shadow,ShadowPopupFactory,15,33,4,2,8,10,4,3,1,3
view,com.jsql.view.swing.shadow,ShadowPopup,50,484,18,38,17,130,19,23,1,13
view,com.jsql.view.swing.shadow,ShadowPopupBorder,20,189,0,4,5,20,1,7,1,5
view,com.jsql.view.swing.ui,ComponentBorder.Edge,0,27,0,0,0,5,0,1,0,1
view,com.jsql.view.swing.ui,BasicColoredSpinnerUI,0,27,0,0,0,7,0,3,0,3
view,com.jsql.view.swing.ui,CustomMetalTabbedPaneUI,6,188,2,16,0,38,2,18,0,11
view,com.jsql.view.swing.ui,BorderlessTabButtonUI,5,20,1,7,1,3,1,5,0,2
view,com.jsql.view.swing.ui,BorderRoundBlu,26,88,1,1,7,19,2,4,1,4
view,com.jsql.view.swing.ui,BorderlessTabButtonUI.ScrollableTabButton,0,24,0,0,0,7,0,1,0,1
view,com.jsql.view.swing.ui,CheckBoxIcon,213,3,10,0,36,1,10,1,5,1
view,com.jsql.view.swing.ui,ComponentBorder,157,251,15,13,30,57,21,11,8,10
view,com.jsql.view.swing.ui,CustomBasicComboBoxUI,3,0,0,0,1,0,1,0,1,0
view,com.jsql.view.swing.ui,FlatButtonMouseAdapter,20,29,6,2,4,10,5,3,1,3
view,com.jsql.view.scan.interaction,MarkBlindVulnerable,25,0,0,0,7,0,2,0,2,0
view,com.jsql.view.scan.interaction,MarkErrorVulnerable,25,0,0,0,7,0,2,0,2,0
view,com.jsql.view.scan.interaction,DatabaseIdentified,28,0,0,0,7,0,2,0,2,0
view,com.jsql.view.scan.interaction,MarkNormalVulnerable,25,0,0,0,7,0,2,0,2,0
view,com.jsql.view.scan.interaction,MarkStackedVulnerable,25,0,0,0,7,0,2,0,2,0
view,com.jsql.view.scan.interaction,MarkTimeVulnerable,25,0,0,0,7,0,2,0,2,0
view,com.jsql.view.scan.interaction,SetVendor,28,0,0,0,7,0,2,0,2,0
view,com.jsql.view.swing.scrollpane,JScrollPanePixelBorder,20,20,0,0,4,4,1,1,1,1
view,com.jsql.view.swing.scrollpane,JScrollIndicator.JMyScrollBar.new MouseAdapter() {...},10,9,0,0,4,1,2,1,2,1
view,com.jsql.view.swing.scrollpane,JScrollIndicator,0,59,0,0,0,15,0,5,0,5
view,com.jsql.view.swing.scrollpane,LightScrollPane.new ScrollPaneLayout() {...},6,30,0,0,2,5,0,3,0,3
view,com.jsql.view.swing.scrollpane,LightScrollPane.new BorderLayout() {...},2,81,1,9,1,17,1,6,0,2
view,com.jsql.view.swing.scrollpane,JScrollIndicator.JMyScrollBar,7,71,0,0,3,20,1,5,1,5
view,com.jsql.view.swing.scrollpane,LightScrollPane.MyScrollBarButton,0,18,0,0,0,7,0,1,0,1
view,com.jsql.view.swing.scrollpane,LightScrollPane.MyScrollBarUI,11,108,1,5,3,25,1,8,0,6
view,com.jsql.view.swing.scrollpane,JScrollIndicator.new ComponentAdapter() {...},0,30,0,0,0,6,0,2,0,2
view,com.jsql.view.swing.scrollpane,JScrollIndicator.MyScrollBarUI,13,176,2,8,5,43,3,9,1,6
view,com.jsql.view.swing.scrollpane,LightScrollPaneShell,0,21,0,0,0,6,0,1,0,1
view,com.jsql.view.swing.scrollpane,LightScrollPane,0,185,0,4,0,44,0,8,0,6
view,com.jsql.view.swing.scrollpane,JScrollIndicator.ControlPanel,0,54,1,3,0,14,1,2,0,1
view,com.jsql.view.swing.console,AbstractColoredConsole.new FocusAdapter() {...},15,6,0,0,3,1,1,1,1,1
view,com.jsql.view.swing.console,AbstractColoredConsole,6,160,8,14,1,36,7,7,0,3
view,com.jsql.view.swing.console,JavaConsoleAdapter,3,14,0,0,1,4,1,1,1,1
view,com.jsql.view.swing.console,JTextPaneAppender,12,173,5,11,4,37,5,11,0,8
view,com.jsql.view.swing.console,SimpleConsoleAdapter,0,22,0,0,0,5,0,2,0,2
view,com.jsql.view.swing.splitpane,JSplitPaneWithZeroSizeDivider,18,72,0,2,8,22,4,7,4,6
view,com.jsql.view.swing.splitpane,JSplitPaneWithZeroSizeDivider.SplitPaneWithZeroSizeDividerUI,0,13,0,0,0,2,0,2,0,2
view,com.jsql.view.swing.splitpane,JSplitPaneWithZeroSizeDivider.ZeroSizeDivider,23,50,0,2,6,14,2,4,2,3
view,com.jsql.view.swing.text.action,DeletePrevCharAction,43,4,12,0,10,2,7,1,1,1
view,com.jsql.view.swing.text.action,DeleteNextCharAction,44,4,12,0,10,2,7,1,1,1
view,com.jsql.view.swing.text.action,SilentDeleteTextAction,46,7,14,0,13,3,8,1,1,1
view,com.jsql.view.swing.text.action,AbstractCharAction,47,7,6,0,14,3,4,2,1,2
view,com.jsql.view.swing.interaction,CreateFileTab,0,30,0,0,0,7,0,2,0,2
view,com.jsql.view.swing.interaction,MarkFileSystemInvulnerable,6,0,0,0,4,0,2,0,2,0
view,com.jsql.view.swing.interaction,ResetInterface,0,6,0,0,0,4,0,2,0,2
view,com.jsql.view.swing.interaction,MarkStackedInvulnerable,12,0,0,0,5,0,2,0,2,0
view,com.jsql.view.swing.interaction,StartProgress,14,0,0,0,5,0,2,0,2,0
view,com.jsql.view.swing.interaction,MarkTimeVulnerable,12,0,0,0,5,0,2,0,2,0
view,com.jsql.view.swing.interaction,MarkTimeStrategy,12,0,0,0,5,0,2,0,2,0
view,com.jsql.view.swing.interaction,EndProgress,14,0,0,0,5,0,2,0,2,0
view,com.jsql.view.swing.interaction,EndAdminSearch,6,0,0,0,4,0,2,0,2,0
view,com.jsql.view.swing.interaction,EndScan,6,0,0,0,4,0,2,0,2,0
view,com.jsql.view.swing.interaction,MarkErrorInvulnerable,21,0,0,0,6,0,2,0,2,0
view,com.jsql.view.swing.interaction,CreateValuesTab,0,30,0,0,0,7,0,2,0,2
view,com.jsql.view.swing.interaction,UpdateProgress,23,0,0,0,6,0,2,0,2,0
view,com.jsql.view.swing.interaction,CreateAdminPageTab,37,252,0,0,10,61,2,4,2,4
view,com.jsql.view.swing.interaction,CreateSQLShellTab,0,38,0,0,0,8,0,2,0,2
view,com.jsql.view.swing.interaction,EndUpload,6,0,0,0,4,0,2,0,2,0
view,com.jsql.view.swing.interaction,AddDatabases,0,14,0,0,0,5,0,2,0,2
view,com.jsql.view.swing.interaction,SetVendor,0,20,0,0,0,6,0,2,0,2
view,com.jsql.view.swing.interaction,ResetStrategyLabel,7,0,0,0,4,0,2,0,2,0
view,com.jsql.view.swing.interaction,CreateAdminPageTab.new FocusAdapter() {...},0,20,0,0,0,4,0,2,0,2
view,com.jsql.view.swing.interaction,CreateAdminPageTab.new MouseAdapter() {...},56,12,6,0,15,1,5,1,2,1
view,com.jsql.view.swing.interaction,MarkNormalStrategy,12,0,0,0,5,0,2,0,2,0
view,com.jsql.view.swing.interaction,MarkBlindStrategy,12,0,0,0,5,0,2,0,2,0
view,com.jsql.view.swing.interaction,MarkMultiStrategy,12,0,0,0,5,0,2,0,2,0
view,com.jsql.view.swing.interaction,MarkNormalInvulnerable,12,0,0,0,5,0,2,0,2,0
view,com.jsql.view.swing.interaction,MarkBlindInvulnerable,12,0,0,0,5,0,2,0,2,0
view,com.jsql.view.swing.interaction,MarkNormalVulnerable,12,0,0,0,5,0,2,0,2,0
view,com.jsql.view.swing.interaction,EndPreparation,2,10,1,1,1,5,1,2,0,2
view,com.jsql.view.swing.interaction,GetSQLShellResult,4,0,0,0,2,0,1,0,1,0
view,com.jsql.view.swing.interaction,MarkErrorStrategy,7,0,0,0,4,0,2,0,2,0
view,com.jsql.view.swing.interaction,MessageChunk,17,0,0,0,6,0,2,0,2,0
view,com.jsql.view.swing.interaction,MessageHeader,6,159,0,0,2,26,0,3,0,3
view,com.jsql.view.swing.interaction,EndIndeterminateProgress,14,0,0,0,5,0,2,0,2,0
view,com.jsql.view.swing.interaction,StartIndeterminateProgress,14,0,0,0,5,0,2,0,2,0
view,com.jsql.view.swing.interaction,MarkErrorVulnerable,0,21,0,0,0,6,0,2,0,2
view,com.jsql.view.swing.interaction,CreateShellTab,0,22,0,0,0,6,0,2,0,2
view,com.jsql.view.swing.interaction,MarkTimeInvulnerable,12,0,0,0,5,0,2,0,2,0
view,com.jsql.view.swing.interaction,AbstractGetShellResult,0,32,0,0,0,9,0,2,0,2
view,com.jsql.view.swing.interaction,MarkStackedStrategy,12,0,0,0,5,0,2,0,2,0
view,com.jsql.view.swing.interaction,AddTables,0,14,0,0,0,5,0,2,0,2
view,com.jsql.view.swing.interaction,MarkBlindVulnerable,12,0,0,0,5,0,2,0,2,0
view,com.jsql.view.swing.interaction,MarkMultiInvulnerable,12,0,0,0,5,0,2,0,2,0
view,com.jsql.view.swing.interaction,MessageBinary,17,0,0,0,6,0,2,0,2,0
view,com.jsql.view.swing.interaction,MarkStackedVulnerable,12,0,0,0,5,0,2,0,2,0
view,com.jsql.view.swing.interaction,CreateTabHelper,4,26,1,3,1,10,1,3,0,2
view,com.jsql.view.swing.interaction,AddColumns,0,14,0,0,0,5,0,2,0,2
view,com.jsql.view.swing.interaction,EndFileSearch,6,0,0,0,4,0,2,0,2,0
view,com.jsql.view.swing.interaction,GetWebShellResult,0,4,0,0,0,2,0,1,0,1
view,com.jsql.view.swing.interaction,MarkMultiVulnerable,12,0,0,0,5,0,2,0,2,0
view,com.jsql.view.swing.interaction,MarkFileSystemVulnerable,6,0,0,0,4,0,2,0,2,0
view,com.jsql.view.swing.sql.text,JTextPaneObjectMethod,0,1,0,0,0,1,0,1,0,1
view,com.jsql.view.swing.sql.text,JTextPaneLexer,0,18,0,0,0,7,0,3,0,3
view,com.jsql.view.swing.sql.text,AttributeSetterForVendor,34,0,0,0,10,0,4,0,4,0
view,com.jsql.view.swing.manager.util,ActionBruteForce,564,12,46,0,120,5,37,2,14,2
view,com.jsql.view.swing.manager.util,JButtonStateful,14,11,0,0,6,4,4,1,4,1
view,com.jsql.view.swing.manager.util,StateButton,0,21,0,0,0,4,0,1,0,1
view,com.jsql.view.swing.manager.util,ComboMenu,0,55,0,0,0,12,0,2,0,2
view,com.jsql.view.swing.manager.util,MenuBarCoder,4,53,1,5,1,15,2,5,1,3
view,com.jsql.view.swing.manager.util,CoderListener,68,62,3,1,7,21,4,5,2,5
view,com.jsql.view.swing.manager.util,MenuBarCoder.MenuItemListener,15,6,0,0,4,1,1,1,1,1
view,com.jsql.view.swing.shell,ShellSql,14,9,0,0,2,3,1,1,1,1
view,com.jsql.view.swing.shell,KeyAdapterTerminal.new SwingWorker() {...},0,48,0,2,0,11,0,3,0,2
view,com.jsql.view.swing.shell,KeyAdapterTerminal,145,268,21,37,26,62,16,23,1,9
view,com.jsql.view.swing.shell,BlockCaret,10,111,3,13,6,32,3,9,0,4
view,com.jsql.view.swing.shell,AbstractShell,44,284,5,7,8,67,5,15,0,14
view,com.jsql.view.swing.shell,ShellWeb,0,17,0,0,0,5,0,2,0,2
view,com.jsql.view.swing.shell,EmptyFocus,23,9,0,0,10,5,4,2,4,2
